   1               		.file	"keymap_common.c"
   2               	__SP_H__ = 0x3e
   3               	__SP_L__ = 0x3d
   4               	__SREG__ = 0x3f
   5               	__tmp_reg__ = 0
   6               	__zero_reg__ = 1
   7               		.text
   8               	.Ltext0:
   9               		.cfi_sections	.debug_frame
  10               		.section	.text.action_get_macro,"ax",@progbits
  11               		.weak	action_get_macro
  13               	action_get_macro:
  14               	.LFB108:
  15               		.file 1 "quantum/keymap_common.c"
   1:quantum/keymap_common.c **** /*
   2:quantum/keymap_common.c **** Copyright 2012,2013 Jun Wako <wakojun@gmail.com>
   3:quantum/keymap_common.c **** 
   4:quantum/keymap_common.c **** This program is free software: you can redistribute it and/or modify
   5:quantum/keymap_common.c **** it under the terms of the GNU General Public License as published by
   6:quantum/keymap_common.c **** the Free Software Foundation, either version 2 of the License, or
   7:quantum/keymap_common.c **** (at your option) any later version.
   8:quantum/keymap_common.c **** 
   9:quantum/keymap_common.c **** This program is distributed in the hope that it will be useful,
  10:quantum/keymap_common.c **** but WITHOUT ANY WARRANTY; without even the implied warranty of
  11:quantum/keymap_common.c **** MERCHANTABILITY or FITNESS FOR A PARTICULAR PURPOSE.  See the
  12:quantum/keymap_common.c **** GNU General Public License for more details.
  13:quantum/keymap_common.c **** 
  14:quantum/keymap_common.c **** You should have received a copy of the GNU General Public License
  15:quantum/keymap_common.c **** along with this program.  If not, see <http://www.gnu.org/licenses/>.
  16:quantum/keymap_common.c **** */
  17:quantum/keymap_common.c **** 
  18:quantum/keymap_common.c **** #include "keymap.h"
  19:quantum/keymap_common.c **** #include "report.h"
  20:quantum/keymap_common.c **** #include "keycode.h"
  21:quantum/keymap_common.c **** #include "action_layer.h"
  22:quantum/keymap_common.c **** #if defined(__AVR__)
  23:quantum/keymap_common.c **** #include <util/delay.h>
  24:quantum/keymap_common.c **** #include <stdio.h>
  25:quantum/keymap_common.c **** #endif
  26:quantum/keymap_common.c **** #include "action.h"
  27:quantum/keymap_common.c **** #include "action_macro.h"
  28:quantum/keymap_common.c **** #include "debug.h"
  29:quantum/keymap_common.c **** #include "backlight.h"
  30:quantum/keymap_common.c **** #include "quantum.h"
  31:quantum/keymap_common.c **** 
  32:quantum/keymap_common.c **** #ifdef MIDI_ENABLE
  33:quantum/keymap_common.c **** 	#include "process_midi.h"
  34:quantum/keymap_common.c **** #endif
  35:quantum/keymap_common.c **** 
  36:quantum/keymap_common.c **** extern keymap_config_t keymap_config;
  37:quantum/keymap_common.c **** 
  38:quantum/keymap_common.c **** #include <inttypes.h>
  39:quantum/keymap_common.c **** 
  40:quantum/keymap_common.c **** /* converts key to action */
  41:quantum/keymap_common.c **** action_t action_for_key(uint8_t layer, keypos_t key)
  42:quantum/keymap_common.c **** {
  43:quantum/keymap_common.c ****     // 16bit keycodes - important
  44:quantum/keymap_common.c ****     uint16_t keycode = keymap_key_to_keycode(layer, key);
  45:quantum/keymap_common.c **** 
  46:quantum/keymap_common.c ****     // keycode remapping
  47:quantum/keymap_common.c ****     keycode = keycode_config(keycode);
  48:quantum/keymap_common.c **** 
  49:quantum/keymap_common.c ****     action_t action;
  50:quantum/keymap_common.c ****     uint8_t action_layer, when, mod;
  51:quantum/keymap_common.c **** 
  52:quantum/keymap_common.c ****     switch (keycode) {
  53:quantum/keymap_common.c ****         case KC_FN0 ... KC_FN31:
  54:quantum/keymap_common.c ****             action.code = keymap_function_id_to_action(FN_INDEX(keycode));
  55:quantum/keymap_common.c ****             break;
  56:quantum/keymap_common.c ****         case KC_A ... KC_EXSEL:
  57:quantum/keymap_common.c ****         case KC_LCTRL ... KC_RGUI:
  58:quantum/keymap_common.c ****             action.code = ACTION_KEY(keycode);
  59:quantum/keymap_common.c ****             break;
  60:quantum/keymap_common.c ****         case KC_SYSTEM_POWER ... KC_SYSTEM_WAKE:
  61:quantum/keymap_common.c ****             action.code = ACTION_USAGE_SYSTEM(KEYCODE2SYSTEM(keycode));
  62:quantum/keymap_common.c ****             break;
  63:quantum/keymap_common.c ****         case KC_AUDIO_MUTE ... KC_MEDIA_REWIND:
  64:quantum/keymap_common.c ****             action.code = ACTION_USAGE_CONSUMER(KEYCODE2CONSUMER(keycode));
  65:quantum/keymap_common.c ****             break;
  66:quantum/keymap_common.c ****         case KC_MS_UP ... KC_MS_ACCEL2:
  67:quantum/keymap_common.c ****             action.code = ACTION_MOUSEKEY(keycode);
  68:quantum/keymap_common.c ****             break;
  69:quantum/keymap_common.c ****         case KC_TRNS:
  70:quantum/keymap_common.c ****             action.code = ACTION_TRANSPARENT;
  71:quantum/keymap_common.c ****             break;
  72:quantum/keymap_common.c ****         case QK_MODS ... QK_MODS_MAX: ;
  73:quantum/keymap_common.c ****             // Has a modifier
  74:quantum/keymap_common.c ****             // Split it up
  75:quantum/keymap_common.c ****             action.code = ACTION_MODS_KEY(keycode >> 8, keycode & 0xFF); // adds modifier to key
  76:quantum/keymap_common.c ****             break;
  77:quantum/keymap_common.c ****         case QK_FUNCTION ... QK_FUNCTION_MAX: ;
  78:quantum/keymap_common.c ****             // Is a shortcut for function action_layer, pull last 12bits
  79:quantum/keymap_common.c ****             // This means we have 4,096 FN macros at our disposal
  80:quantum/keymap_common.c ****             action.code = keymap_function_id_to_action( (int)keycode & 0xFFF );
  81:quantum/keymap_common.c ****             break;
  82:quantum/keymap_common.c ****         case QK_MACRO ... QK_MACRO_MAX:
  83:quantum/keymap_common.c ****             action.code = ACTION_MACRO(keycode & 0xFF);
  84:quantum/keymap_common.c ****             break;
  85:quantum/keymap_common.c ****         case QK_LAYER_TAP ... QK_LAYER_TAP_MAX:
  86:quantum/keymap_common.c ****             action.code = ACTION_LAYER_TAP_KEY((keycode >> 0x8) & 0xF, keycode & 0xFF);
  87:quantum/keymap_common.c ****             break;
  88:quantum/keymap_common.c ****         case QK_TO ... QK_TO_MAX: ;
  89:quantum/keymap_common.c ****             // Layer set "GOTO"
  90:quantum/keymap_common.c ****             when = (keycode >> 0x4) & 0x3;
  91:quantum/keymap_common.c ****             action_layer = keycode & 0xF;
  92:quantum/keymap_common.c ****             action.code = ACTION_LAYER_SET(action_layer, when);
  93:quantum/keymap_common.c ****             break;
  94:quantum/keymap_common.c ****         case QK_MOMENTARY ... QK_MOMENTARY_MAX: ;
  95:quantum/keymap_common.c ****             // Momentary action_layer
  96:quantum/keymap_common.c ****             action_layer = keycode & 0xFF;
  97:quantum/keymap_common.c ****             action.code = ACTION_LAYER_MOMENTARY(action_layer);
  98:quantum/keymap_common.c ****             break;
  99:quantum/keymap_common.c ****         case QK_DEF_LAYER ... QK_DEF_LAYER_MAX: ;
 100:quantum/keymap_common.c ****             // Set default action_layer
 101:quantum/keymap_common.c ****             action_layer = keycode & 0xFF;
 102:quantum/keymap_common.c ****             action.code = ACTION_DEFAULT_LAYER_SET(action_layer);
 103:quantum/keymap_common.c ****             break;
 104:quantum/keymap_common.c ****         case QK_TOGGLE_LAYER ... QK_TOGGLE_LAYER_MAX: ;
 105:quantum/keymap_common.c ****             // Set toggle
 106:quantum/keymap_common.c ****             action_layer = keycode & 0xFF;
 107:quantum/keymap_common.c ****             action.code = ACTION_LAYER_TOGGLE(action_layer);
 108:quantum/keymap_common.c ****             break;
 109:quantum/keymap_common.c ****         case QK_ONE_SHOT_LAYER ... QK_ONE_SHOT_LAYER_MAX: ;
 110:quantum/keymap_common.c ****             // OSL(action_layer) - One-shot action_layer
 111:quantum/keymap_common.c ****             action_layer = keycode & 0xFF;
 112:quantum/keymap_common.c ****             action.code = ACTION_LAYER_ONESHOT(action_layer);
 113:quantum/keymap_common.c ****             break;
 114:quantum/keymap_common.c ****         case QK_ONE_SHOT_MOD ... QK_ONE_SHOT_MOD_MAX: ;
 115:quantum/keymap_common.c ****             // OSM(mod) - One-shot mod
 116:quantum/keymap_common.c ****             mod = keycode & 0xFF;
 117:quantum/keymap_common.c ****             action.code = ACTION_MODS_ONESHOT(mod);
 118:quantum/keymap_common.c ****             break;
 119:quantum/keymap_common.c ****         case QK_MOD_TAP ... QK_MOD_TAP_MAX:
 120:quantum/keymap_common.c ****             action.code = ACTION_MODS_TAP_KEY((keycode >> 0x8) & 0xF, keycode & 0xFF);
 121:quantum/keymap_common.c ****             break;
 122:quantum/keymap_common.c ****     #ifdef BACKLIGHT_ENABLE
 123:quantum/keymap_common.c ****         case BL_0 ... BL_15:
 124:quantum/keymap_common.c ****             action.code = ACTION_BACKLIGHT_LEVEL(keycode - BL_0);
 125:quantum/keymap_common.c ****             break;
 126:quantum/keymap_common.c ****         case BL_DEC:
 127:quantum/keymap_common.c ****             action.code = ACTION_BACKLIGHT_DECREASE();
 128:quantum/keymap_common.c ****             break;
 129:quantum/keymap_common.c ****         case BL_INC:
 130:quantum/keymap_common.c ****             action.code = ACTION_BACKLIGHT_INCREASE();
 131:quantum/keymap_common.c ****             break;
 132:quantum/keymap_common.c ****         case BL_TOGG:
 133:quantum/keymap_common.c ****             action.code = ACTION_BACKLIGHT_TOGGLE();
 134:quantum/keymap_common.c ****             break;
 135:quantum/keymap_common.c ****         case BL_STEP:
 136:quantum/keymap_common.c ****             action.code = ACTION_BACKLIGHT_STEP();
 137:quantum/keymap_common.c ****             break;
 138:quantum/keymap_common.c ****     #endif
 139:quantum/keymap_common.c ****         default:
 140:quantum/keymap_common.c ****             action.code = ACTION_NO;
 141:quantum/keymap_common.c ****             break;
 142:quantum/keymap_common.c ****     }
 143:quantum/keymap_common.c ****     return action;
 144:quantum/keymap_common.c **** }
 145:quantum/keymap_common.c **** 
 146:quantum/keymap_common.c **** __attribute__ ((weak))
 147:quantum/keymap_common.c **** const uint16_t PROGMEM fn_actions[] = {
 148:quantum/keymap_common.c **** 
 149:quantum/keymap_common.c **** };
 150:quantum/keymap_common.c **** 
 151:quantum/keymap_common.c **** /* Macro */
 152:quantum/keymap_common.c **** __attribute__ ((weak))
 153:quantum/keymap_common.c **** const macro_t *action_get_macro(keyrecord_t *record, uint8_t id, uint8_t opt)
 154:quantum/keymap_common.c **** {
  16               		.loc 1 154 0
  17               		.cfi_startproc
  18               	.LVL0:
  19               	/* prologue: function */
  20               	/* frame size = 0 */
  21               	/* stack size = 0 */
  22               	.L__stack_usage = 0
 155:quantum/keymap_common.c ****     return MACRO_NONE;
 156:quantum/keymap_common.c **** }
  23               		.loc 1 156 0
  24 0000 80E0      		ldi r24,0
  25 0002 90E0      		ldi r25,0
  26               	.LVL1:
  27 0004 0895      		ret
  28               		.cfi_endproc
  29               	.LFE108:
  31               		.section	.text.action_function,"ax",@progbits
  32               		.weak	action_function
  34               	action_function:
  35               	.LFB109:
 157:quantum/keymap_common.c **** 
 158:quantum/keymap_common.c **** /* Function */
 159:quantum/keymap_common.c **** __attribute__ ((weak))
 160:quantum/keymap_common.c **** void action_function(keyrecord_t *record, uint8_t id, uint8_t opt)
 161:quantum/keymap_common.c **** {
  36               		.loc 1 161 0
  37               		.cfi_startproc
  38               	.LVL2:
  39               	/* prologue: function */
  40               	/* frame size = 0 */
  41               	/* stack size = 0 */
  42               	.L__stack_usage = 0
  43 0000 0895      		ret
  44               		.cfi_endproc
  45               	.LFE109:
  47               		.section	.text.keymap_key_to_keycode,"ax",@progbits
  48               		.weak	keymap_key_to_keycode
  50               	keymap_key_to_keycode:
  51               	.LFB110:
 162:quantum/keymap_common.c **** }
 163:quantum/keymap_common.c **** 
 164:quantum/keymap_common.c **** // translates key to keycode
 165:quantum/keymap_common.c **** __attribute__ ((weak))
 166:quantum/keymap_common.c **** uint16_t keymap_key_to_keycode(uint8_t layer, keypos_t key)
 167:quantum/keymap_common.c **** {
  52               		.loc 1 167 0
  53               		.cfi_startproc
  54               	.LVL3:
  55               	/* prologue: function */
  56               	/* frame size = 0 */
  57               	/* stack size = 0 */
  58               	.L__stack_usage = 0
  59               	.LBB2:
 168:quantum/keymap_common.c ****     // Read entire word (16bits)
 169:quantum/keymap_common.c ****     return pgm_read_word(&keymaps[(layer)][(key.row)][(key.col)]);
  60               		.loc 1 169 0
  61 0000 E72F      		mov r30,r23
  62 0002 F0E0      		ldi r31,0
  63 0004 94E0      		ldi r25,lo8(4)
  64 0006 899F      		mul r24,r25
  65 0008 E00D      		add r30,r0
  66 000a F11D      		adc r31,r1
  67 000c 1124      		clr __zero_reg__
  68 000e EE0F      		lsl r30
  69 0010 FF1F      		rol r31
  70 0012 EE0F      		lsl r30
  71 0014 FF1F      		rol r31
  72               	.LVL4:
  73 0016 E60F      		add r30,r22
  74 0018 F11D      		adc r31,__zero_reg__
  75 001a EE0F      		lsl r30
  76 001c FF1F      		rol r31
  77 001e E050      		subi r30,lo8(-(keymaps))
  78 0020 F040      		sbci r31,hi8(-(keymaps))
  79               	.LVL5:
  80               	/* #APP */
  81               	 ;  169 "quantum/keymap_common.c" 1
  82 0022 8591      		lpm r24, Z+
  83 0024 9491      		lpm r25, Z
  84               		
  85               	 ;  0 "" 2
  86               	.LVL6:
  87               	/* #NOAPP */
  88               	.LBE2:
 170:quantum/keymap_common.c **** }
  89               		.loc 1 170 0
  90 0026 0895      		ret
  91               		.cfi_endproc
  92               	.LFE110:
  94               		.section	.text.keymap_function_id_to_action,"ax",@progbits
  95               		.weak	keymap_function_id_to_action
  97               	keymap_function_id_to_action:
  98               	.LFB111:
 171:quantum/keymap_common.c **** 
 172:quantum/keymap_common.c **** // translates function id to action
 173:quantum/keymap_common.c **** __attribute__ ((weak))
 174:quantum/keymap_common.c **** uint16_t keymap_function_id_to_action( uint16_t function_id )
 175:quantum/keymap_common.c **** {
  99               		.loc 1 175 0
 100               		.cfi_startproc
 101               	.LVL7:
 102               	/* prologue: function */
 103               	/* frame size = 0 */
 104               	/* stack size = 0 */
 105               	.L__stack_usage = 0
 106               	.LBB3:
 176:quantum/keymap_common.c **** 	return pgm_read_word(&fn_actions[function_id]);
 107               		.loc 1 176 0
 108 0000 880F      		lsl r24
 109 0002 991F      		rol r25
 110               	.LVL8:
 111 0004 FC01      		movw r30,r24
 112 0006 E050      		subi r30,lo8(-(fn_actions))
 113 0008 F040      		sbci r31,hi8(-(fn_actions))
 114               	.LVL9:
 115               	/* #APP */
 116               	 ;  176 "quantum/keymap_common.c" 1
 117 000a 8591      		lpm r24, Z+
 118 000c 9491      		lpm r25, Z
 119               		
 120               	 ;  0 "" 2
 121               	.LVL10:
 122               	/* #NOAPP */
 123               	.LBE3:
 177:quantum/keymap_common.c **** }
 124               		.loc 1 177 0
 125 000e 0895      		ret
 126               		.cfi_endproc
 127               	.LFE111:
 129               		.section	.text.action_for_key,"ax",@progbits
 130               	.global	action_for_key
 132               	action_for_key:
 133               	.LFB107:
  42:quantum/keymap_common.c ****     // 16bit keycodes - important
 134               		.loc 1 42 0
 135               		.cfi_startproc
 136               	.LVL11:
 137               	/* prologue: function */
 138               	/* frame size = 0 */
 139               	/* stack size = 0 */
 140               	.L__stack_usage = 0
  44:quantum/keymap_common.c **** 
 141               		.loc 1 44 0
 142 0000 0E94 0000 		call keymap_key_to_keycode
 143               	.LVL12:
  47:quantum/keymap_common.c **** 
 144               		.loc 1 47 0
 145 0004 0E94 0000 		call keycode_config
 146               	.LVL13:
  52:quantum/keymap_common.c ****         case KC_FN0 ... KC_FN31:
 147               		.loc 1 52 0
 148 0008 8115      		cp r24,__zero_reg__
 149 000a 20E5      		ldi r18,80
 150 000c 9207      		cpc r25,r18
 151 000e 00F0      		brlo .+2
 152 0010 00C0      		rjmp .L7
 153 0012 8115      		cp r24,__zero_reg__
 154 0014 30E4      		ldi r19,64
 155 0016 9307      		cpc r25,r19
 156 0018 00F0      		brlo .+2
 157 001a 00C0      		rjmp .L8
 158 001c 883E      		cpi r24,-24
 159 001e 9105      		cpc r25,__zero_reg__
 160 0020 00F4      		brsh .L9
 161 0022 803E      		cpi r24,-32
 162 0024 9105      		cpc r25,__zero_reg__
 163 0026 00F0      		brlo .+2
 164 0028 00C0      		rjmp .L10
 165 002a 883A      		cpi r24,-88
 166 002c 9105      		cpc r25,__zero_reg__
 167 002e 00F4      		brsh .L11
 168 0030 853A      		cpi r24,-91
 169 0032 9105      		cpc r25,__zero_reg__
 170 0034 00F0      		brlo .+2
 171 0036 00C0      		rjmp .L12
 172 0038 8130      		cpi r24,1
 173 003a 9105      		cpc r25,__zero_reg__
 174 003c 01F4      		brne .+2
 175 003e 00C0      		rjmp .L10
 176 0040 00F4      		brsh .+2
 177 0042 00C0      		rjmp .L6
 178 0044 8430      		cpi r24,4
 179 0046 9105      		cpc r25,__zero_reg__
 180 0048 00F0      		brlo .+2
 181 004a 00C0      		rjmp .L10
 182 004c 00C0      		rjmp .L6
 183               	.L11:
 184 004e 8D3B      		cpi r24,-67
 185 0050 9105      		cpc r25,__zero_reg__
 186 0052 00F4      		brsh .+2
 187 0054 00C0      		rjmp .L13
 188 0056 803C      		cpi r24,-64
 189 0058 9105      		cpc r25,__zero_reg__
 190 005a 00F4      		brsh .+2
 191 005c 00C0      		rjmp .L6
  54:quantum/keymap_common.c ****             break;
 192               		.loc 1 54 0
 193 005e 805C      		subi r24,-64
 194 0060 9109      		sbc r25,__zero_reg__
 195               	.LVL14:
 196 0062 00C0      		rjmp .L66
 197               	.LVL15:
 198               	.L9:
  52:quantum/keymap_common.c ****         case KC_FN0 ... KC_FN31:
 199               		.loc 1 52 0
 200 0064 8115      		cp r24,__zero_reg__
 201 0066 40E2      		ldi r20,32
 202 0068 9407      		cpc r25,r20
 203 006a 00F4      		brsh .L15
 204 006c 8115      		cp r24,__zero_reg__
 205 006e 21E0      		ldi r18,1
 206 0070 9207      		cpc r25,r18
 207 0072 00F0      		brlo .+2
 208 0074 00C0      		rjmp .L10
 209 0076 803F      		cpi r24,-16
 210 0078 9105      		cpc r25,__zero_reg__
 211 007a 00F4      		brsh .+2
 212 007c 00C0      		rjmp .L6
 213               	.LVL16:
  67:quantum/keymap_common.c ****             break;
 214               		.loc 1 67 0
 215 007e 9065      		ori r25,80
 216               	.LVL17:
  68:quantum/keymap_common.c ****         case KC_TRNS:
 217               		.loc 1 68 0
 218 0080 0895      		ret
 219               	.LVL18:
 220               	.L15:
  52:quantum/keymap_common.c ****         case KC_FN0 ... KC_FN31:
 221               		.loc 1 52 0
 222 0082 8115      		cp r24,__zero_reg__
 223 0084 30E3      		ldi r19,48
 224 0086 9307      		cpc r25,r19
 225 0088 00F0      		brlo .+2
 226 008a 00C0      		rjmp .L62
  80:quantum/keymap_common.c ****             break;
 227               		.loc 1 80 0
 228 008c 9F70      		andi r25,15
 229               	.LVL19:
 230 008e 00C0      		rjmp .L66
 231               	.LVL20:
 232               	.L7:
  52:quantum/keymap_common.c ****         case KC_FN0 ... KC_FN31:
 233               		.loc 1 52 0
 234 0090 8115      		cp r24,__zero_reg__
 235 0092 45E5      		ldi r20,85
 236 0094 9407      		cpc r25,r20
 237 0096 00F0      		brlo .+2
 238 0098 00C0      		rjmp .L19
 239 009a 8115      		cp r24,__zero_reg__
 240 009c 24E5      		ldi r18,84
 241 009e 9207      		cpc r25,r18
 242 00a0 00F0      		brlo .+2
 243 00a2 00C0      		rjmp .L20
 244 00a4 8115      		cp r24,__zero_reg__
 245 00a6 32E5      		ldi r19,82
 246 00a8 9307      		cpc r25,r19
 247 00aa 00F4      		brsh .L21
 248 00ac 8115      		cp r24,__zero_reg__
 249 00ae 41E5      		ldi r20,81
 250 00b0 9407      		cpc r25,r20
 251 00b2 00F0      		brlo .+2
 252 00b4 00C0      		rjmp .L69
 253               	.LVL21:
  92:quantum/keymap_common.c ****             break;
 254               		.loc 1 92 0
 255 00b6 9C01      		movw r18,r24
 256 00b8 54E0      		ldi r21,4
 257               		1:
 258 00ba 3695      		lsr r19
 259 00bc 2795      		ror r18
 260 00be 5A95      		dec r21
 261 00c0 01F4      		brne 1b
 262 00c2 922F      		mov r25,r18
 263 00c4 9370      		andi r25,lo8(3)
 264 00c6 482F      		mov r20,r24
 265 00c8 4370      		andi r20,lo8(3)
 266 00ca 21E0      		ldi r18,lo8(1)
 267 00cc 30E0      		ldi r19,0
 268 00ce 00C0      		rjmp 2f
 269               		1:
 270 00d0 220F      		lsl r18
 271 00d2 331F      		rol r19
 272               		2:
 273 00d4 4A95      		dec r20
 274 00d6 02F4      		brpl 1b
 275 00d8 3C68      		ori r19,140
 276 00da 392B      		or r19,r25
 277 00dc 8F70      		andi r24,lo8(15)
 278               	.LVL22:
 279 00de 8695      		lsr r24
 280 00e0 8695      		lsr r24
 281 00e2 40E2      		ldi r20,lo8(32)
 282 00e4 849F      		mul r24,r20
 283 00e6 C001      		movw r24,r0
 284 00e8 1124      		clr __zero_reg__
 285               	.LVL23:
 286 00ea 822B      		or r24,r18
 287 00ec 932B      		or r25,r19
 288               	.LVL24:
  93:quantum/keymap_common.c ****         case QK_MOMENTARY ... QK_MOMENTARY_MAX: ;
 289               		.loc 1 93 0
 290 00ee 0895      		ret
 291               	.LVL25:
 292               	.L21:
 293 00f0 AC01      		movw r20,r24
 294 00f2 4370      		andi r20,3
 295 00f4 5527      		clr r21
 296 00f6 282F      		mov r18,r24
 297 00f8 2695      		lsr r18
 298 00fa 2695      		lsr r18
  52:quantum/keymap_common.c ****         case KC_FN0 ... KC_FN31:
 299               		.loc 1 52 0
 300 00fc 8115      		cp r24,__zero_reg__
 301 00fe 9345      		sbci r25,83
 302 0100 00F0      		brlo .+2
 303 0102 00C0      		rjmp .L64
 304               	.LVL26:
 102:quantum/keymap_common.c ****             break;
 305               		.loc 1 102 0
 306 0104 81E0      		ldi r24,lo8(1)
 307 0106 90E0      		ldi r25,0
 308               	.LVL27:
 309 0108 00C0      		rjmp 2f
 310               		1:
 311 010a 880F      		lsl r24
 312 010c 991F      		rol r25
 313               		2:
 314 010e 4A95      		dec r20
 315 0110 02F4      		brpl 1b
 316 0112 40E2      		ldi r20,lo8(32)
 317 0114 249F      		mul r18,r20
 318 0116 9001      		movw r18,r0
 319 0118 1124      		clr __zero_reg__
 320 011a 822B      		or r24,r18
 321 011c 932B      		or r25,r19
 322               	.LVL28:
 323 011e 9C68      		ori r25,140
 324               	.LVL29:
 103:quantum/keymap_common.c ****         case QK_TOGGLE_LAYER ... QK_TOGGLE_LAYER_MAX: ;
 325               		.loc 1 103 0
 326 0120 0895      		ret
 327               	.LVL30:
 328               	.L19:
  52:quantum/keymap_common.c ****         case KC_FN0 ... KC_FN31:
 329               		.loc 1 52 0
 330 0122 8033      		cpi r24,48
 331 0124 40E7      		ldi r20,112
 332 0126 9407      		cpc r25,r20
 333 0128 00F4      		brsh .L26
 334 012a 8032      		cpi r24,32
 335 012c 20E7      		ldi r18,112
 336 012e 9207      		cpc r25,r18
 337 0130 00F0      		brlo .+2
 338 0132 00C0      		rjmp .L27
 339 0134 8115      		cp r24,__zero_reg__
 340 0136 36E5      		ldi r19,86
 341 0138 9307      		cpc r25,r19
 342 013a 00F4      		brsh .+2
 343 013c 00C0      		rjmp .L28
 344 013e 9C01      		movw r18,r24
 345 0140 3056      		subi r19,96
 346 0142 2115      		cp r18,__zero_reg__
 347 0144 3041      		sbci r19,16
 348 0146 00F0      		brlo .+2
 349 0148 00C0      		rjmp .L6
 120:quantum/keymap_common.c ****             break;
 350               		.loc 1 120 0
 351 014a 9F70      		andi r25,15
 352               	.LVL31:
 353 014c 00C0      		rjmp .L67
 354               	.LVL32:
 355               	.L26:
  52:quantum/keymap_common.c ****         case KC_FN0 ... KC_FN31:
 356               		.loc 1 52 0
 357 014e 8133      		cpi r24,49
 358 0150 20E7      		ldi r18,112
 359 0152 9207      		cpc r25,r18
 360 0154 01F4      		brne .+2
 361 0156 00C0      		rjmp .L30
 362 0158 00F4      		brsh .+2
 363 015a 00C0      		rjmp .L31
 364 015c 8233      		cpi r24,50
 365 015e 40E7      		ldi r20,112
 366 0160 9407      		cpc r25,r20
 367 0162 01F4      		brne .+2
 368 0164 00C0      		rjmp .L32
 369 0166 8333      		cpi r24,51
 370 0168 9047      		sbci r25,112
 371 016a 01F0      		breq .+2
 372 016c 00C0      		rjmp .L6
 373               	.LVL33:
 136:quantum/keymap_common.c ****             break;
 374               		.loc 1 136 0
 375 016e 80E0      		ldi r24,0
 376 0170 93ED      		ldi r25,lo8(-45)
 137:quantum/keymap_common.c ****     #endif
 377               		.loc 1 137 0
 378 0172 0895      		ret
 379               	.LVL34:
 380               	.L12:
  61:quantum/keymap_common.c ****             break;
 381               		.loc 1 61 0
 382 0174 853A      		cpi r24,-91
 383 0176 9105      		cpc r25,__zero_reg__
 384 0178 01F4      		brne .+2
 385 017a 00C0      		rjmp .L34
  61:quantum/keymap_common.c ****             break;
 386               		.loc 1 61 0 is_stmt 0 discriminator 1
 387 017c 863A      		cpi r24,-90
 388 017e 9105      		cpc r25,__zero_reg__
 389 0180 01F0      		breq .+2
 390 0182 00C0      		rjmp .L35
 391               	.LVL35:
  61:quantum/keymap_common.c ****             break;
 392               		.loc 1 61 0
 393 0184 82E8      		ldi r24,lo8(-126)
 394 0186 90E4      		ldi r25,lo8(64)
 395 0188 0895      		ret
 396               	.LVL36:
 397               	.L13:
  64:quantum/keymap_common.c ****             break;
 398               		.loc 1 64 0 is_stmt 1
 399 018a 883A      		cpi r24,-88
 400 018c 9105      		cpc r25,__zero_reg__
 401 018e 01F4      		brne .+2
 402 0190 00C0      		rjmp .L36
  64:quantum/keymap_common.c ****             break;
 403               		.loc 1 64 0 is_stmt 0 discriminator 1
 404 0192 893A      		cpi r24,-87
 405 0194 9105      		cpc r25,__zero_reg__
 406 0196 01F4      		brne .+2
 407 0198 00C0      		rjmp .L37
  64:quantum/keymap_common.c ****             break;
 408               		.loc 1 64 0 discriminator 3
 409 019a 8A3A      		cpi r24,-86
 410 019c 9105      		cpc r25,__zero_reg__
 411 019e 01F4      		brne .+2
 412 01a0 00C0      		rjmp .L38
  64:quantum/keymap_common.c ****             break;
 413               		.loc 1 64 0 discriminator 5
 414 01a2 8B3A      		cpi r24,-85
 415 01a4 9105      		cpc r25,__zero_reg__
 416 01a6 01F4      		brne .+2
 417 01a8 00C0      		rjmp .L39
  64:quantum/keymap_common.c ****             break;
 418               		.loc 1 64 0 discriminator 7
 419 01aa 8C3A      		cpi r24,-84
 420 01ac 9105      		cpc r25,__zero_reg__
 421 01ae 01F4      		brne .+2
 422 01b0 00C0      		rjmp .L40
  64:quantum/keymap_common.c ****             break;
 423               		.loc 1 64 0 discriminator 9
 424 01b2 8B3B      		cpi r24,-69
 425 01b4 9105      		cpc r25,__zero_reg__
 426 01b6 01F4      		brne .+2
 427 01b8 00C0      		rjmp .L41
  64:quantum/keymap_common.c ****             break;
 428               		.loc 1 64 0 discriminator 11
 429 01ba 8C3B      		cpi r24,-68
 430 01bc 9105      		cpc r25,__zero_reg__
 431 01be 01F4      		brne .+2
 432 01c0 00C0      		rjmp .L42
  64:quantum/keymap_common.c ****             break;
 433               		.loc 1 64 0 discriminator 13
 434 01c2 8D3A      		cpi r24,-83
 435 01c4 9105      		cpc r25,__zero_reg__
 436 01c6 01F4      		brne .+2
 437 01c8 00C0      		rjmp .L43
  64:quantum/keymap_common.c ****             break;
 438               		.loc 1 64 0 discriminator 15
 439 01ca 803B      		cpi r24,-80
 440 01cc 9105      		cpc r25,__zero_reg__
 441 01ce 01F4      		brne .+2
 442 01d0 00C0      		rjmp .L44
  64:quantum/keymap_common.c ****             break;
 443               		.loc 1 64 0 discriminator 17
 444 01d2 8E3A      		cpi r24,-82
 445 01d4 9105      		cpc r25,__zero_reg__
 446 01d6 01F4      		brne .+2
 447 01d8 00C0      		rjmp .L45
  64:quantum/keymap_common.c ****             break;
 448               		.loc 1 64 0 discriminator 19
 449 01da 8F3A      		cpi r24,-81
 450 01dc 9105      		cpc r25,__zero_reg__
 451 01de 01F4      		brne .+2
 452 01e0 00C0      		rjmp .L46
  64:quantum/keymap_common.c ****             break;
 453               		.loc 1 64 0 discriminator 21
 454 01e2 813B      		cpi r24,-79
 455 01e4 9105      		cpc r25,__zero_reg__
 456 01e6 01F4      		brne .+2
 457 01e8 00C0      		rjmp .L47
  64:quantum/keymap_common.c ****             break;
 458               		.loc 1 64 0 discriminator 23
 459 01ea 823B      		cpi r24,-78
 460 01ec 9105      		cpc r25,__zero_reg__
 461 01ee 01F4      		brne .+2
 462 01f0 00C0      		rjmp .L48
  64:quantum/keymap_common.c ****             break;
 463               		.loc 1 64 0 discriminator 25
 464 01f2 833B      		cpi r24,-77
 465 01f4 9105      		cpc r25,__zero_reg__
 466 01f6 01F4      		brne .+2
 467 01f8 00C0      		rjmp .L49
  64:quantum/keymap_common.c ****             break;
 468               		.loc 1 64 0 discriminator 27
 469 01fa 843B      		cpi r24,-76
 470 01fc 9105      		cpc r25,__zero_reg__
 471 01fe 01F4      		brne .+2
 472 0200 00C0      		rjmp .L50
  64:quantum/keymap_common.c ****             break;
 473               		.loc 1 64 0 discriminator 29
 474 0202 853B      		cpi r24,-75
 475 0204 9105      		cpc r25,__zero_reg__
 476 0206 01F4      		brne .+2
 477 0208 00C0      		rjmp .L51
  64:quantum/keymap_common.c ****             break;
 478               		.loc 1 64 0 discriminator 31
 479 020a 863B      		cpi r24,-74
 480 020c 9105      		cpc r25,__zero_reg__
 481 020e 01F4      		brne .+2
 482 0210 00C0      		rjmp .L52
  64:quantum/keymap_common.c ****             break;
 483               		.loc 1 64 0 discriminator 33
 484 0212 873B      		cpi r24,-73
 485 0214 9105      		cpc r25,__zero_reg__
 486 0216 01F4      		brne .+2
 487 0218 00C0      		rjmp .L53
  64:quantum/keymap_common.c ****             break;
 488               		.loc 1 64 0 discriminator 35
 489 021a 883B      		cpi r24,-72
 490 021c 9105      		cpc r25,__zero_reg__
 491 021e 01F4      		brne .+2
 492 0220 00C0      		rjmp .L54
  64:quantum/keymap_common.c ****             break;
 493               		.loc 1 64 0 discriminator 37
 494 0222 893B      		cpi r24,-71
 495 0224 9105      		cpc r25,__zero_reg__
 496 0226 01F4      		brne .+2
 497 0228 00C0      		rjmp .L55
  64:quantum/keymap_common.c ****             break;
 498               		.loc 1 64 0 discriminator 39
 499 022a 8A3B      		cpi r24,-70
 500 022c 9105      		cpc r25,__zero_reg__
 501 022e 01F4      		brne .+2
 502 0230 00C0      		rjmp .L56
 503               	.LVL37:
  64:quantum/keymap_common.c ****             break;
 504               		.loc 1 64 0
 505 0232 80E0      		ldi r24,0
 506 0234 94E4      		ldi r25,lo8(68)
 507 0236 0895      		ret
 508               	.LVL38:
 509               	.L66:
  80:quantum/keymap_common.c ****             break;
 510               		.loc 1 80 0 is_stmt 1
 511 0238 0E94 0000 		call keymap_function_id_to_action
 512               	.LVL39:
  81:quantum/keymap_common.c ****         case QK_MACRO ... QK_MACRO_MAX:
 513               		.loc 1 81 0
 514 023c 0895      		ret
 515               	.LVL40:
 516               	.L62:
  83:quantum/keymap_common.c ****             break;
 517               		.loc 1 83 0
 518 023e 9927      		clr r25
 519               	.LVL41:
 520 0240 906C      		ori r25,192
 521               	.LVL42:
  84:quantum/keymap_common.c ****         case QK_LAYER_TAP ... QK_LAYER_TAP_MAX:
 522               		.loc 1 84 0
 523 0242 0895      		ret
 524               	.LVL43:
 525               	.L8:
  86:quantum/keymap_common.c ****             break;
 526               		.loc 1 86 0
 527 0244 9F70      		andi r25,15
 528               	.LVL44:
 529 0246 906A      		ori r25,160
 530               	.LVL45:
  87:quantum/keymap_common.c ****         case QK_TO ... QK_TO_MAX: ;
 531               		.loc 1 87 0
 532 0248 0895      		ret
 533               	.LVL46:
 534               	.L69:
  97:quantum/keymap_common.c ****             break;
 535               		.loc 1 97 0
 536 024a 982F      		mov r25,r24
 537 024c 8827      		clr r24
 538               	.LVL47:
 539 024e 816F      		ori r24,241
 540 0250 906A      		ori r25,160
 541               	.LVL48:
  98:quantum/keymap_common.c ****         case QK_DEF_LAYER ... QK_DEF_LAYER_MAX: ;
 542               		.loc 1 98 0
 543 0252 0895      		ret
 544               	.LVL49:
 545               	.L64:
 107:quantum/keymap_common.c ****             break;
 546               		.loc 1 107 0
 547 0254 81E0      		ldi r24,lo8(1)
 548 0256 90E0      		ldi r25,0
 549               	.LVL50:
 550 0258 00C0      		rjmp 2f
 551               		1:
 552 025a 880F      		lsl r24
 553 025c 991F      		rol r25
 554               		2:
 555 025e 4A95      		dec r20
 556 0260 02F4      		brpl 1b
 557 0262 40E2      		ldi r20,lo8(32)
 558 0264 249F      		mul r18,r20
 559 0266 9001      		movw r18,r0
 560 0268 1124      		clr __zero_reg__
 561 026a 822B      		or r24,r18
 562 026c 932B      		or r25,r19
 563               	.LVL51:
 564 026e 9A68      		ori r25,138
 565               	.LVL52:
 108:quantum/keymap_common.c ****         case QK_ONE_SHOT_LAYER ... QK_ONE_SHOT_LAYER_MAX: ;
 566               		.loc 1 108 0
 567 0270 0895      		ret
 568               	.LVL53:
 569               	.L20:
 112:quantum/keymap_common.c ****             break;
 570               		.loc 1 112 0
 571 0272 982F      		mov r25,r24
 572 0274 8827      		clr r24
 573               	.LVL54:
 574 0276 846F      		ori r24,244
 575 0278 906A      		ori r25,160
 576               	.LVL55:
 113:quantum/keymap_common.c ****         case QK_ONE_SHOT_MOD ... QK_ONE_SHOT_MOD_MAX: ;
 577               		.loc 1 113 0
 578 027a 0895      		ret
 579               	.LVL56:
 580               	.L28:
 117:quantum/keymap_common.c ****             break;
 581               		.loc 1 117 0
 582 027c 8F71      		andi r24,31
 583 027e 9927      		clr r25
 584               	.LVL57:
 585 0280 982F      		mov r25,r24
 586 0282 8827      		clr r24
 587               	.L67:
 588               	.LVL58:
 120:quantum/keymap_common.c ****             break;
 589               		.loc 1 120 0
 590 0284 9062      		ori r25,32
 591               	.LVL59:
 121:quantum/keymap_common.c ****     #ifdef BACKLIGHT_ENABLE
 592               		.loc 1 121 0
 593 0286 0895      		ret
 594               	.LVL60:
 595               	.L27:
 124:quantum/keymap_common.c ****             break;
 596               		.loc 1 124 0
 597 0288 8052      		subi r24,32
 598 028a 9047      		sbci r25,112
 599               	.LVL61:
 600 028c 946D      		ori r25,212
 601               	.LVL62:
 125:quantum/keymap_common.c ****         case BL_DEC:
 602               		.loc 1 125 0
 603 028e 0895      		ret
 604               	.LVL63:
 605               	.L31:
 127:quantum/keymap_common.c ****             break;
 606               		.loc 1 127 0
 607 0290 80E0      		ldi r24,0
 608 0292 91ED      		ldi r25,lo8(-47)
 128:quantum/keymap_common.c ****         case BL_INC:
 609               		.loc 1 128 0
 610 0294 0895      		ret
 611               	.LVL64:
 612               	.L30:
 130:quantum/keymap_common.c ****             break;
 613               		.loc 1 130 0
 614 0296 80E0      		ldi r24,0
 615 0298 90ED      		ldi r25,lo8(-48)
 131:quantum/keymap_common.c ****         case BL_TOGG:
 616               		.loc 1 131 0
 617 029a 0895      		ret
 618               	.LVL65:
 619               	.L32:
 133:quantum/keymap_common.c ****             break;
 620               		.loc 1 133 0
 621 029c 80E0      		ldi r24,0
 622 029e 92ED      		ldi r25,lo8(-46)
 134:quantum/keymap_common.c ****         case BL_STEP:
 623               		.loc 1 134 0
 624 02a0 0895      		ret
 625               	.LVL66:
 626               	.L6:
 140:quantum/keymap_common.c ****             break;
 627               		.loc 1 140 0
 628 02a2 80E0      		ldi r24,0
 629 02a4 90E0      		ldi r25,0
 141:quantum/keymap_common.c ****     }
 630               		.loc 1 141 0
 631 02a6 0895      		ret
 632               	.LVL67:
 633               	.L34:
  61:quantum/keymap_common.c ****             break;
 634               		.loc 1 61 0
 635 02a8 81E8      		ldi r24,lo8(-127)
 636 02aa 90E4      		ldi r25,lo8(64)
 637 02ac 0895      		ret
 638               	.LVL68:
 639               	.L35:
 640 02ae 83E8      		ldi r24,lo8(-125)
 641 02b0 90E4      		ldi r25,lo8(64)
 642 02b2 0895      		ret
 643               	.LVL69:
 644               	.L36:
  64:quantum/keymap_common.c ****             break;
 645               		.loc 1 64 0
 646 02b4 82EE      		ldi r24,lo8(-30)
 647 02b6 94E4      		ldi r25,lo8(68)
 648 02b8 0895      		ret
 649               	.LVL70:
 650               	.L37:
 651 02ba 89EE      		ldi r24,lo8(-23)
 652 02bc 94E4      		ldi r25,lo8(68)
 653 02be 0895      		ret
 654               	.LVL71:
 655               	.L38:
 656 02c0 8AEE      		ldi r24,lo8(-22)
 657 02c2 94E4      		ldi r25,lo8(68)
 658 02c4 0895      		ret
 659               	.LVL72:
 660               	.L39:
 661 02c6 85EB      		ldi r24,lo8(-75)
 662 02c8 94E4      		ldi r25,lo8(68)
 663 02ca 0895      		ret
 664               	.LVL73:
 665               	.L40:
 666 02cc 86EB      		ldi r24,lo8(-74)
 667 02ce 94E4      		ldi r25,lo8(68)
 668 02d0 0895      		ret
 669               	.LVL74:
 670               	.L41:
 671 02d2 83EB      		ldi r24,lo8(-77)
 672 02d4 94E4      		ldi r25,lo8(68)
 673 02d6 0895      		ret
 674               	.LVL75:
 675               	.L42:
 676 02d8 84EB      		ldi r24,lo8(-76)
 677 02da 94E4      		ldi r25,lo8(68)
 678 02dc 0895      		ret
 679               	.LVL76:
 680               	.L43:
 681 02de 87EB      		ldi r24,lo8(-73)
 682 02e0 94E4      		ldi r25,lo8(68)
 683 02e2 0895      		ret
 684               	.LVL77:
 685               	.L44:
 686 02e4 8CEC      		ldi r24,lo8(-52)
 687 02e6 94E4      		ldi r25,lo8(68)
 688 02e8 0895      		ret
 689               	.LVL78:
 690               	.L45:
 691 02ea 8DEC      		ldi r24,lo8(-51)
 692 02ec 94E4      		ldi r25,lo8(68)
 693 02ee 0895      		ret
 694               	.LVL79:
 695               	.L46:
 696 02f0 83E8      		ldi r24,lo8(-125)
 697 02f2 95E4      		ldi r25,lo8(69)
 698 02f4 0895      		ret
 699               	.LVL80:
 700               	.L47:
 701 02f6 8AE8      		ldi r24,lo8(-118)
 702 02f8 95E4      		ldi r25,lo8(69)
 703 02fa 0895      		ret
 704               	.LVL81:
 705               	.L48:
 706 02fc 82E9      		ldi r24,lo8(-110)
 707 02fe 95E4      		ldi r25,lo8(69)
 708 0300 0895      		ret
 709               	.LVL82:
 710               	.L49:
 711 0302 84E9      		ldi r24,lo8(-108)
 712 0304 95E4      		ldi r25,lo8(69)
 713 0306 0895      		ret
 714               	.LVL83:
 715               	.L50:
 716 0308 81E2      		ldi r24,lo8(33)
 717 030a 96E4      		ldi r25,lo8(70)
 718 030c 0895      		ret
 719               	.LVL84:
 720               	.L51:
 721 030e 83E2      		ldi r24,lo8(35)
 722 0310 96E4      		ldi r25,lo8(70)
 723 0312 0895      		ret
 724               	.LVL85:
 725               	.L52:
 726 0314 84E2      		ldi r24,lo8(36)
 727 0316 96E4      		ldi r25,lo8(70)
 728 0318 0895      		ret
 729               	.LVL86:
 730               	.L53:
 731 031a 85E2      		ldi r24,lo8(37)
 732 031c 96E4      		ldi r25,lo8(70)
 733 031e 0895      		ret
 734               	.LVL87:
 735               	.L54:
 736 0320 86E2      		ldi r24,lo8(38)
 737 0322 96E4      		ldi r25,lo8(70)
 738 0324 0895      		ret
 739               	.LVL88:
 740               	.L55:
 741 0326 87E2      		ldi r24,lo8(39)
 742 0328 96E4      		ldi r25,lo8(70)
 743 032a 0895      		ret
 744               	.LVL89:
 745               	.L56:
 746 032c 8AE2      		ldi r24,lo8(42)
 747 032e 96E4      		ldi r25,lo8(70)
 748               	.LVL90:
 749               	.L10:
 144:quantum/keymap_common.c **** 
 750               		.loc 1 144 0
 751 0330 0895      		ret
 752               		.cfi_endproc
 753               	.LFE107:
 755               		.weak	fn_actions
 756               		.section	.progmem.data.fn_actions,"a",@progbits
 759               	fn_actions:
 760               		.text
 761               	.Letext0:
 762               		.file 2 "/usr/lib/avr/include/stdint.h"
 763               		.file 3 "./tmk_core/common/keyboard.h"
 764               		.file 4 "./tmk_core/common/keycode.h"
 765               		.file 5 "./tmk_core/common/action_code.h"
 766               		.file 6 "./tmk_core/common/action_macro.h"
 767               		.file 7 "./tmk_core/common/action.h"
 768               		.file 8 "quantum/quantum_keycodes.h"
 769               		.file 9 "./tmk_core/protocol/lufa/LUFA-git/LUFA/Drivers/USB/Core/USBTask.h"
 770               		.file 10 "quantum/keymap.h"
 771               		.file 11 "quantum/keycode_config.h"
DEFINED SYMBOLS
                            *ABS*:0000000000000000 keymap_common.c
     /tmp/ccDXMZ1h.s:2      *ABS*:000000000000003e __SP_H__
     /tmp/ccDXMZ1h.s:3      *ABS*:000000000000003d __SP_L__
     /tmp/ccDXMZ1h.s:4      *ABS*:000000000000003f __SREG__
     /tmp/ccDXMZ1h.s:5      *ABS*:0000000000000000 __tmp_reg__
     /tmp/ccDXMZ1h.s:6      *ABS*:0000000000000001 __zero_reg__
     /tmp/ccDXMZ1h.s:13     .text.action_get_macro:0000000000000000 action_get_macro
     /tmp/ccDXMZ1h.s:34     .text.action_function:0000000000000000 action_function
     /tmp/ccDXMZ1h.s:50     .text.keymap_key_to_keycode:0000000000000000 keymap_key_to_keycode
     /tmp/ccDXMZ1h.s:97     .text.keymap_function_id_to_action:0000000000000000 keymap_function_id_to_action
     /tmp/ccDXMZ1h.s:759    .progmem.data.fn_actions:0000000000000000 fn_actions
     /tmp/ccDXMZ1h.s:132    .text.action_for_key:0000000000000000 action_for_key

UNDEFINED SYMBOLS
keymaps
keycode_config
