Removed Pin From Net: NetName=NetD1_2 Pin=D2-2
Removed Pin From Net: NetName=NetD1_2 Pin=D3-2
Removed Pin From Net: NetName=NetD1_2 Pin=D4-2
Removed Pin From Net: NetName=NetD5_2 Pin=D6-2
Removed Pin From Net: NetName=NetD5_2 Pin=D7-2
Removed Pin From Net: NetName=NetD5_2 Pin=D8-2
Removed Pin From Net: NetName=NetD9_2 Pin=D10-2
Removed Pin From Net: NetName=NetD9_2 Pin=D11-2
Removed Pin From Net: NetName=NetD9_2 Pin=D12-2
Removed Pin From Net: NetName=NetD13_2 Pin=D14-2
Removed Pin From Net: NetName=NetD13_2 Pin=D15-2
Removed Pin From Net: NetName=NetD13_2 Pin=D16-2
Removed Pin From Net: NetName=NetD1_1 Pin=S1-2
Removed Pin From Net: NetName=NetD5_1 Pin=S5-2
Removed Pin From Net: NetName=NetD9_1 Pin=S9-2
Removed Pin From Net: NetName=NetD13_1 Pin=S13-2
Removed Pin From Net: NetName=NetD9_2 Pin=U1-31
Removed Pin From Net: NetName=NetD13_2 Pin=U1-32
Removed Pin From Net: NetName=NetD5_2 Pin=U1-36
Removed Pin From Net: NetName=NetD1_2 Pin=U1-37
Added Pin To Net: NetName=NetD1_1 Pin=D2-1
Added Pin To Net: NetName=NetD1_1 Pin=D3-1
Added Pin To Net: NetName=NetD1_1 Pin=D4-1
Added Pin To Net: NetName=NetD5_1 Pin=D6-1
Added Pin To Net: NetName=NetD5_1 Pin=D7-1
Added Pin To Net: NetName=NetD5_1 Pin=D8-1
Added Pin To Net: NetName=NetD9_1 Pin=D10-1
Added Pin To Net: NetName=NetD9_1 Pin=D11-1
Added Pin To Net: NetName=NetD9_1 Pin=D12-1
Added Pin To Net: NetName=NetD13_1 Pin=D14-1
Added Pin To Net: NetName=NetD13_1 Pin=D15-1
Added Pin To Net: NetName=NetD13_1 Pin=D16-1
Added Pin To Net: NetName=NetD1_2 Pin=S1-2
Added Pin To Net: NetName=NetD5_2 Pin=S5-2
Added Pin To Net: NetName=NetD9_2 Pin=S9-2
Added Pin To Net: NetName=NetD13_2 Pin=S13-2
Added Pin To Net: NetName=NetD9_1 Pin=U1-31
Added Pin To Net: NetName=NetD13_1 Pin=U1-32
Added Pin To Net: NetName=NetD5_1 Pin=U1-36
Added Pin To Net: NetName=NetD1_1 Pin=U1-37
Added Pin To Net: NetName=NetD2_2 Pin=D2-2
Added Pin To Net: NetName=NetD2_2 Pin=S2-2
Added Net: Name=NetD2_2
Added Pin To Net: NetName=NetD3_2 Pin=D3-2
Added Pin To Net: NetName=NetD3_2 Pin=S3-2
Added Net: Name=NetD3_2
Added Pin To Net: NetName=NetD4_2 Pin=D4-2
Added Pin To Net: NetName=NetD4_2 Pin=S4-2
Added Net: Name=NetD4_2
Added Pin To Net: NetName=NetD6_2 Pin=D6-2
Added Pin To Net: NetName=NetD6_2 Pin=S6-2
Added Net: Name=NetD6_2
Added Pin To Net: NetName=NetD7_2 Pin=D7-2
Added Pin To Net: NetName=NetD7_2 Pin=S7-2
Added Net: Name=NetD7_2
Added Pin To Net: NetName=NetD8_2 Pin=D8-2
Added Pin To Net: NetName=NetD8_2 Pin=S8-2
Added Net: Name=NetD8_2
Added Pin To Net: NetName=NetD10_2 Pin=D10-2
Added Pin To Net: NetName=NetD10_2 Pin=S10-2
Added Net: Name=NetD10_2
Added Pin To Net: NetName=NetD11_2 Pin=D11-2
Added Pin To Net: NetName=NetD11_2 Pin=S11-2
Added Net: Name=NetD11_2
Added Pin To Net: NetName=NetD12_2 Pin=D12-2
Added Pin To Net: NetName=NetD12_2 Pin=S12-2
Added Net: Name=NetD12_2
Added Pin To Net: NetName=NetD14_2 Pin=D14-2
Added Pin To Net: NetName=NetD14_2 Pin=S14-2
Added Net: Name=NetD14_2
Added Pin To Net: NetName=NetD15_2 Pin=D15-2
Added Pin To Net: NetName=NetD15_2 Pin=S15-2
Added Net: Name=NetD15_2
Added Pin To Net: NetName=NetD16_2 Pin=D16-2
Added Pin To Net: NetName=NetD16_2 Pin=S16-2
Added Net: Name=NetD16_2
