Removed Member From Class: ClassName=SW Member=R5
Removed Member From Class: ClassName=top Member=R5
Removed Member From Class: ClassName=SW Member=R8
Removed Member From Class: ClassName=top Member=R8
Removed Member From Class: ClassName=SW Member=R9
Removed Member From Class: ClassName=SW Member=R15
Removed Member From Class: ClassName=LED Member=R17
Removed Member From Class: ClassName=top Member=R17
Removed Member From Class: ClassName=LED Member=R18
Removed Member From Class: ClassName=top Member=R18
Removed Member From Class: ClassName=top Member=R19
Removed Member From Class: ClassName=LED Member=R21
Removed Member From Class: ClassName=top Member=U3
Added Member To Class: ClassName=top Member=Component C2 1u
Added Member To Class: ClassName=top Member=Component C3 100n
Added Member To Class: ClassName=top Member=Component C5 18p
Added Member To Class: ClassName=top Member=Component C8 1u
Added Member To Class: ClassName=SW Member=Component D2 diode 1N4148
Added Member To Class: ClassName=SW Member=Component D3 diode 1N4148
Added Member To Class: ClassName=SW Member=Component D4 diode 1N4148
Added Member To Class: ClassName=SW Member=Component D6 diode 1N4148
Added Member To Class: ClassName=SW Member=Component D8 diode 1N4148
Added Member To Class: ClassName=SW Member=Component D10 diode 1N4148
Added Member To Class: ClassName=SW Member=Component D12 diode 1N4148
Added Member To Class: ClassName=SW Member=Component D13 diode 1N4148
Added Member To Class: ClassName=top Member=Component R1 33K
Added Member To Class: ClassName=top Member=Component R2 22
Added Member To Class: ClassName=top Member=Component R3 22
Added Member To Class: ClassName=LED Member=Component R7 150
Added Member To Class: ClassName=LED Member=Component R8 100
Added Member To Class: ClassName=LED Member=Component R10 150
Added Member To Class: ClassName=LED Member=Component R11 100
Added Member To Class: ClassName=LED Member=Component R13 150
Added Member To Class: ClassName=LED Member=Component R14 100
Added Member To Class: ClassName=LED Member=Component R15 100
Added Member To Class: ClassName=SW Member=Component R16 10k
Added Member To Class: ClassName=SW Member=Component R17 10k
Added Member To Class: ClassName=SW Member=Component R18 10k
Added Member To Class: ClassName=SW Member=Component R19 10k
Added Member To Class: ClassName=top Member=Component R20 33K
Added Member To Class: ClassName=top Member=Component R21 33K
Added Member To Class: ClassName=SW Member=Component S1 cherry_mx+rgb
Added Member To Class: ClassName=SW Member=Component S3 cherry_mx+rgb
Added Member To Class: ClassName=SW Member=Component S5 cherry_mx+rgb
Added Member To Class: ClassName=SW Member=Component S7 cherry_mx+rgb
Added Member To Class: ClassName=SW Member=Component S8 cherry_mx+rgb
Added Member To Class: ClassName=SW Member=Component S9 cherry_mx+rgb
Added Member To Class: ClassName=SW Member=Component S10 cherry_mx+rgb
Added Member To Class: ClassName=SW Member=Component S16 cherry_mx+rgb
Added Member To Class: ClassName=top Member=Component U1 ATmega32U4
Added Member To Class: ClassName=LED Member=Component U2 P-mosfet_NX300PBK
