Added Component: Designator=C1(header6p0.2)
Added Component: Designator=C2(0805)
Added Component: Designator=C3(0805)
Added Component: Designator=C4(usb-c)
Added Component: Designator=C5(0805)
Added Component: Designator=C6(0805)
Added Component: Designator=C7(0805)
Added Component: Designator=C8(0805)
Added Component: Designator=D1(SOD-323_S130X260)
Added Component: Designator=D2(SOD-323_S130X260)
Added Component: Designator=D3(SOD-323_S130X260)
Added Component: Designator=D4(SOD-323_S130X260)
Added Component: Designator=D5(SOD-323_S130X260)
Added Component: Designator=D6(SOD-323_S130X260)
Added Component: Designator=D7(SOD-323_S130X260)
Added Component: Designator=D8(SOD-323_S130X260)
Added Component: Designator=D9(SOD-323_S130X260)
Added Component: Designator=D10(SOD-323_S130X260)
Added Component: Designator=D11(SOD-323_S130X260)
Added Component: Designator=D12(SOD-323_S130X260)
Added Component: Designator=D13(SOD-323_S130X260)
Added Component: Designator=D14(SOD-323_S130X260)
Added Component: Designator=D15(SOD-323_S130X260)
Added Component: Designator=D16(SOD-323_S130X260)
Added Component: Designator=R1(0805)
Added Component: Designator=R2(0805)
Added Component: Designator=R3(0805)
Added Component: Designator=R4(0805)
Added Component: Designator=R5(0805)
Added Component: Designator=R6(0805)
Added Component: Designator=R7(0805)
Added Component: Designator=R8(0805)
Added Component: Designator=R9(0805)
Added Component: Designator=R10(0805)
Added Component: Designator=R11(0805)
Added Component: Designator=R12(0805)
Added Component: Designator=R13(0805)
Added Component: Designator=R14(0805)
Added Component: Designator=R15(0805)
Added Component: Designator=R16(0805)
Added Component: Designator=R17(0805)
Added Component: Designator=R18(0805)
Added Component: Designator=R19(0805)
Added Component: Designator=S1(kailh_socket_mx+led)
Added Component: Designator=S2(kailh_socket_mx+led)
Added Component: Designator=S3(kailh_socket_mx+led)
Added Component: Designator=S4(kailh_socket_mx+led)
Added Component: Designator=S5(kailh_socket_mx+led)
Added Component: Designator=S6(kailh_socket_mx+led)
Added Component: Designator=S7(kailh_socket_mx+led)
Added Component: Designator=S8(kailh_socket_mx+led)
Added Component: Designator=S9(kailh_socket_mx+led)
Added Component: Designator=S10(kailh_socket_mx+led)
Added Component: Designator=S11(kailh_socket_mx+led)
Added Component: Designator=S12(kailh_socket_mx+led)
Added Component: Designator=S13(kailh_socket_mx+led)
Added Component: Designator=S14(kailh_socket_mx+led)
Added Component: Designator=S15(kailh_socket_mx+led)
Added Component: Designator=S16(kailh_socket_mx+led)
Added Component: Designator=U1(QFN44P05P7X7)
Added Component: Designator=U2(SOT23(TO-236AB)P095S230x290)
Added Component: Designator=U3(SOT23(TO-236AB)P095S230x290)
Added Component: Designator=U4(SOT23(TO-236AB)P095S230x290)
Added Component: Designator=U5(SOT23(TO-236AB)P095S230x290)
Added Pin To Net: NetName=GND Pin=C1-1
Added Pin To Net: NetName=NetC1_2 Pin=C1-2
Added Pin To Net: NetName=NetC1_3 Pin=C1-3
Added Pin To Net: NetName=NetC1_4 Pin=C1-4
Added Pin To Net: NetName=NetC1_5 Pin=C1-5
Added Pin To Net: NetName=5V Pin=C1-6
Added Pin To Net: NetName=GND Pin=C2-1
Added Pin To Net: NetName=5V Pin=C2-2
Added Pin To Net: NetName=GND Pin=C3-1
Added Pin To Net: NetName=5V Pin=C3-2
Added Pin To Net: NetName=5V Pin=C4-A4
Added Pin To Net: NetName=NetC4_A6 Pin=C4-A6
Added Pin To Net: NetName=NetC4_A7 Pin=C4-A7
Added Pin To Net: NetName=5V Pin=C4-A9
Added Pin To Net: NetName=5V Pin=C4-B4
Added Pin To Net: NetName=NetC4_A6 Pin=C4-B6
Added Pin To Net: NetName=NetC4_A7 Pin=C4-B7
Added Pin To Net: NetName=5V Pin=C4-B9
Added Pin To Net: NetName=GND Pin=C4-G
Added Pin To Net: NetName=GND Pin=C4-G
Added Pin To Net: NetName=GND Pin=C4-G
Added Pin To Net: NetName=GND Pin=C4-G
Added Pin To Net: NetName=GND Pin=C4-G
Added Pin To Net: NetName=GND Pin=C4-G
Added Pin To Net: NetName=NetC5_1 Pin=C5-1
Added Pin To Net: NetName=GND Pin=C5-2
Added Pin To Net: NetName=GND Pin=C6-1
Added Pin To Net: NetName=NetC6_2 Pin=C6-2
Added Pin To Net: NetName=NetC7_1 Pin=C7-1
Added Pin To Net: NetName=GND Pin=C7-2
Added Pin To Net: NetName=GND Pin=C8-1
Added Pin To Net: NetName=NetC8_2 Pin=C8-2
Added Pin To Net: NetName=NetD1_1 Pin=D1-1
Added Pin To Net: NetName=NetD1_2 Pin=D1-2
Added Pin To Net: NetName=NetD2_1 Pin=D2-1
Added Pin To Net: NetName=NetD1_2 Pin=D2-2
Added Pin To Net: NetName=NetD3_1 Pin=D3-1
Added Pin To Net: NetName=NetD1_2 Pin=D3-2
Added Pin To Net: NetName=NetD4_1 Pin=D4-1
Added Pin To Net: NetName=NetD1_2 Pin=D4-2
Added Pin To Net: NetName=NetD5_1 Pin=D5-1
Added Pin To Net: NetName=NetD5_2 Pin=D5-2
Added Pin To Net: NetName=NetD6_1 Pin=D6-1
Added Pin To Net: NetName=NetD5_2 Pin=D6-2
Added Pin To Net: NetName=NetD7_1 Pin=D7-1
Added Pin To Net: NetName=NetD5_2 Pin=D7-2
Added Pin To Net: NetName=NetD8_1 Pin=D8-1
Added Pin To Net: NetName=NetD5_2 Pin=D8-2
Added Pin To Net: NetName=NetD9_1 Pin=D9-1
Added Pin To Net: NetName=NetD9_2 Pin=D9-2
Added Pin To Net: NetName=NetD10_1 Pin=D10-1
Added Pin To Net: NetName=NetD9_2 Pin=D10-2
Added Pin To Net: NetName=NetD11_1 Pin=D11-1
Added Pin To Net: NetName=NetD9_2 Pin=D11-2
Added Pin To Net: NetName=NetD12_1 Pin=D12-1
Added Pin To Net: NetName=NetD9_2 Pin=D12-2
Added Pin To Net: NetName=NetD13_1 Pin=D13-1
Added Pin To Net: NetName=NetD13_2 Pin=D13-2
Added Pin To Net: NetName=NetD14_1 Pin=D14-1
Added Pin To Net: NetName=NetD13_2 Pin=D14-2
Added Pin To Net: NetName=NetD15_1 Pin=D15-1
Added Pin To Net: NetName=NetD13_2 Pin=D15-2
Added Pin To Net: NetName=NetD16_1 Pin=D16-1
Added Pin To Net: NetName=NetD13_2 Pin=D16-2
Added Pin To Net: NetName=5V Pin=R1-1
Added Pin To Net: NetName=NetC1_2 Pin=R1-2
Added Pin To Net: NetName=NetC4_A7 Pin=R2-1
Added Pin To Net: NetName=NetR2_2 Pin=R2-2
Added Pin To Net: NetName=NetC4_A6 Pin=R3-1
Added Pin To Net: NetName=NetR3_2 Pin=R3-2
Added Pin To Net: NetName=NetR4_1 Pin=R4-1
Added Pin To Net: NetName=NetR4_2 Pin=R4-2
Added Pin To Net: NetName=NetR5_1 Pin=R5-1
Added Pin To Net: NetName=NetR5_2 Pin=R5-2
Added Pin To Net: NetName=NetR6_1 Pin=R6-1
Added Pin To Net: NetName=NetR6_2 Pin=R6-2
Added Pin To Net: NetName=NetR7_1 Pin=R7-1
Added Pin To Net: NetName=NetR7_2 Pin=R7-2
Added Pin To Net: NetName=NetR8_1 Pin=R8-1
Added Pin To Net: NetName=NetR8_2 Pin=R8-2
Added Pin To Net: NetName=NetR9_1 Pin=R9-1
Added Pin To Net: NetName=NetR9_2 Pin=R9-2
Added Pin To Net: NetName=NetR10_1 Pin=R10-1
Added Pin To Net: NetName=NetR10_2 Pin=R10-2
Added Pin To Net: NetName=NetR11_1 Pin=R11-1
Added Pin To Net: NetName=NetR11_2 Pin=R11-2
Added Pin To Net: NetName=NetR12_1 Pin=R12-1
Added Pin To Net: NetName=NetR12_2 Pin=R12-2
Added Pin To Net: NetName=NetR13_1 Pin=R13-1
Added Pin To Net: NetName=NetR13_2 Pin=R13-2
Added Pin To Net: NetName=NetR14_1 Pin=R14-1
Added Pin To Net: NetName=NetR14_2 Pin=R14-2
Added Pin To Net: NetName=NetR15_1 Pin=R15-1
Added Pin To Net: NetName=NetR15_2 Pin=R15-2
Added Pin To Net: NetName=NetR16_1 Pin=R16-1
Added Pin To Net: NetName=5V Pin=R16-2
Added Pin To Net: NetName=NetR17_1 Pin=R17-1
Added Pin To Net: NetName=5V Pin=R17-2
Added Pin To Net: NetName=NetR18_1 Pin=R18-1
Added Pin To Net: NetName=5V Pin=R18-2
Added Pin To Net: NetName=NetR19_1 Pin=R19-1
Added Pin To Net: NetName=5V Pin=R19-2
Added Pin To Net: NetName=NetR19_1 Pin=S1-1
Added Pin To Net: NetName=NetR19_1 Pin=S1-1
Added Pin To Net: NetName=NetD1_1 Pin=S1-2
Added Pin To Net: NetName=NetD1_1 Pin=S1-2
Added Pin To Net: NetName=NetD1_1 Pin=S1-2
Added Pin To Net: NetName=NetS1_+ Pin=S1-+
Added Pin To Net: NetName=NetR6_2 Pin=S1-B
Added Pin To Net: NetName=NetR5_2 Pin=S1-G
Added Pin To Net: NetName=NetR4_2 Pin=S1-R
Added Pin To Net: NetName=NetR18_1 Pin=S2-1
Added Pin To Net: NetName=NetR18_1 Pin=S2-1
Added Pin To Net: NetName=NetD2_1 Pin=S2-2
Added Pin To Net: NetName=NetD2_1 Pin=S2-2
Added Pin To Net: NetName=NetD2_1 Pin=S2-2
Added Pin To Net: NetName=NetS1_+ Pin=S2-+
Added Pin To Net: NetName=NetR9_2 Pin=S2-B
Added Pin To Net: NetName=NetR8_2 Pin=S2-G
Added Pin To Net: NetName=NetR7_2 Pin=S2-R
Added Pin To Net: NetName=NetR17_1 Pin=S3-1
Added Pin To Net: NetName=NetR17_1 Pin=S3-1
Added Pin To Net: NetName=NetD3_1 Pin=S3-2
Added Pin To Net: NetName=NetD3_1 Pin=S3-2
Added Pin To Net: NetName=NetD3_1 Pin=S3-2
Added Pin To Net: NetName=NetS1_+ Pin=S3-+
Added Pin To Net: NetName=NetR12_2 Pin=S3-B
Added Pin To Net: NetName=NetR11_2 Pin=S3-G
Added Pin To Net: NetName=NetR10_2 Pin=S3-R
Added Pin To Net: NetName=NetR16_1 Pin=S4-1
Added Pin To Net: NetName=NetR16_1 Pin=S4-1
Added Pin To Net: NetName=NetD4_1 Pin=S4-2
Added Pin To Net: NetName=NetD4_1 Pin=S4-2
Added Pin To Net: NetName=NetD4_1 Pin=S4-2
Added Pin To Net: NetName=NetS1_+ Pin=S4-+
Added Pin To Net: NetName=NetR15_2 Pin=S4-B
Added Pin To Net: NetName=NetR14_2 Pin=S4-G
Added Pin To Net: NetName=NetR13_2 Pin=S4-R
Added Pin To Net: NetName=NetR19_1 Pin=S5-1
Added Pin To Net: NetName=NetR19_1 Pin=S5-1
Added Pin To Net: NetName=NetD5_1 Pin=S5-2
Added Pin To Net: NetName=NetD5_1 Pin=S5-2
Added Pin To Net: NetName=NetD5_1 Pin=S5-2
Added Pin To Net: NetName=NetS5_+ Pin=S5-+
Added Pin To Net: NetName=NetR6_2 Pin=S5-B
Added Pin To Net: NetName=NetR5_2 Pin=S5-G
Added Pin To Net: NetName=NetR4_2 Pin=S5-R
Added Pin To Net: NetName=NetR18_1 Pin=S6-1
Added Pin To Net: NetName=NetR18_1 Pin=S6-1
Added Pin To Net: NetName=NetD6_1 Pin=S6-2
Added Pin To Net: NetName=NetD6_1 Pin=S6-2
Added Pin To Net: NetName=NetD6_1 Pin=S6-2
Added Pin To Net: NetName=NetS5_+ Pin=S6-+
Added Pin To Net: NetName=NetR9_2 Pin=S6-B
Added Pin To Net: NetName=NetR8_2 Pin=S6-G
Added Pin To Net: NetName=NetR7_2 Pin=S6-R
Added Pin To Net: NetName=NetR17_1 Pin=S7-1
Added Pin To Net: NetName=NetR17_1 Pin=S7-1
Added Pin To Net: NetName=NetD7_1 Pin=S7-2
Added Pin To Net: NetName=NetD7_1 Pin=S7-2
Added Pin To Net: NetName=NetD7_1 Pin=S7-2
Added Pin To Net: NetName=NetS5_+ Pin=S7-+
Added Pin To Net: NetName=NetR12_2 Pin=S7-B
Added Pin To Net: NetName=NetR11_2 Pin=S7-G
Added Pin To Net: NetName=NetR10_2 Pin=S7-R
Added Pin To Net: NetName=NetR16_1 Pin=S8-1
Added Pin To Net: NetName=NetR16_1 Pin=S8-1
Added Pin To Net: NetName=NetD8_1 Pin=S8-2
Added Pin To Net: NetName=NetD8_1 Pin=S8-2
Added Pin To Net: NetName=NetD8_1 Pin=S8-2
Added Pin To Net: NetName=NetS5_+ Pin=S8-+
Added Pin To Net: NetName=NetR15_2 Pin=S8-B
Added Pin To Net: NetName=NetR14_2 Pin=S8-G
Added Pin To Net: NetName=NetR13_2 Pin=S8-R
Added Pin To Net: NetName=NetR19_1 Pin=S9-1
Added Pin To Net: NetName=NetR19_1 Pin=S9-1
Added Pin To Net: NetName=NetD9_1 Pin=S9-2
Added Pin To Net: NetName=NetD9_1 Pin=S9-2
Added Pin To Net: NetName=NetD9_1 Pin=S9-2
Added Pin To Net: NetName=NetS9_+ Pin=S9-+
Added Pin To Net: NetName=NetR6_2 Pin=S9-B
Added Pin To Net: NetName=NetR5_2 Pin=S9-G
Added Pin To Net: NetName=NetR4_2 Pin=S9-R
Added Pin To Net: NetName=NetR18_1 Pin=S10-1
Added Pin To Net: NetName=NetR18_1 Pin=S10-1
Added Pin To Net: NetName=NetD10_1 Pin=S10-2
Added Pin To Net: NetName=NetD10_1 Pin=S10-2
Added Pin To Net: NetName=NetD10_1 Pin=S10-2
Added Pin To Net: NetName=NetS9_+ Pin=S10-+
Added Pin To Net: NetName=NetR9_2 Pin=S10-B
Added Pin To Net: NetName=NetR8_2 Pin=S10-G
Added Pin To Net: NetName=NetR7_2 Pin=S10-R
Added Pin To Net: NetName=NetR17_1 Pin=S11-1
Added Pin To Net: NetName=NetR17_1 Pin=S11-1
Added Pin To Net: NetName=NetD11_1 Pin=S11-2
Added Pin To Net: NetName=NetD11_1 Pin=S11-2
Added Pin To Net: NetName=NetD11_1 Pin=S11-2
Added Pin To Net: NetName=NetS9_+ Pin=S11-+
Added Pin To Net: NetName=NetR12_2 Pin=S11-B
Added Pin To Net: NetName=NetR11_2 Pin=S11-G
Added Pin To Net: NetName=NetR10_2 Pin=S11-R
Added Pin To Net: NetName=NetR16_1 Pin=S12-1
Added Pin To Net: NetName=NetR16_1 Pin=S12-1
Added Pin To Net: NetName=NetD12_1 Pin=S12-2
Added Pin To Net: NetName=NetD12_1 Pin=S12-2
Added Pin To Net: NetName=NetD12_1 Pin=S12-2
Added Pin To Net: NetName=NetS9_+ Pin=S12-+
Added Pin To Net: NetName=NetR15_2 Pin=S12-B
Added Pin To Net: NetName=NetR14_2 Pin=S12-G
Added Pin To Net: NetName=NetR13_2 Pin=S12-R
Added Pin To Net: NetName=NetR19_1 Pin=S13-1
Added Pin To Net: NetName=NetR19_1 Pin=S13-1
Added Pin To Net: NetName=NetD13_1 Pin=S13-2
Added Pin To Net: NetName=NetD13_1 Pin=S13-2
Added Pin To Net: NetName=NetD13_1 Pin=S13-2
Added Pin To Net: NetName=NetS13_+ Pin=S13-+
Added Pin To Net: NetName=NetR6_2 Pin=S13-B
Added Pin To Net: NetName=NetR5_2 Pin=S13-G
Added Pin To Net: NetName=NetR4_2 Pin=S13-R
Added Pin To Net: NetName=NetR18_1 Pin=S14-1
Added Pin To Net: NetName=NetR18_1 Pin=S14-1
Added Pin To Net: NetName=NetD14_1 Pin=S14-2
Added Pin To Net: NetName=NetD14_1 Pin=S14-2
Added Pin To Net: NetName=NetD14_1 Pin=S14-2
Added Pin To Net: NetName=NetS13_+ Pin=S14-+
Added Pin To Net: NetName=NetR9_2 Pin=S14-B
Added Pin To Net: NetName=NetR8_2 Pin=S14-G
Added Pin To Net: NetName=NetR7_2 Pin=S14-R
Added Pin To Net: NetName=NetR17_1 Pin=S15-1
Added Pin To Net: NetName=NetR17_1 Pin=S15-1
Added Pin To Net: NetName=NetD15_1 Pin=S15-2
Added Pin To Net: NetName=NetD15_1 Pin=S15-2
Added Pin To Net: NetName=NetD15_1 Pin=S15-2
Added Pin To Net: NetName=NetS13_+ Pin=S15-+
Added Pin To Net: NetName=NetR12_2 Pin=S15-B
Added Pin To Net: NetName=NetR11_2 Pin=S15-G
Added Pin To Net: NetName=NetR10_2 Pin=S15-R
Added Pin To Net: NetName=NetR16_1 Pin=S16-1
Added Pin To Net: NetName=NetR16_1 Pin=S16-1
Added Pin To Net: NetName=NetD16_1 Pin=S16-2
Added Pin To Net: NetName=NetD16_1 Pin=S16-2
Added Pin To Net: NetName=NetD16_1 Pin=S16-2
Added Pin To Net: NetName=NetS13_+ Pin=S16-+
Added Pin To Net: NetName=NetR15_2 Pin=S16-B
Added Pin To Net: NetName=NetR14_2 Pin=S16-G
Added Pin To Net: NetName=NetR13_2 Pin=S16-R
Added Pin To Net: NetName=5V Pin=U1-2
Added Pin To Net: NetName=NetR2_2 Pin=U1-3
Added Pin To Net: NetName=NetR3_2 Pin=U1-4
Added Pin To Net: NetName=GND Pin=U1-5
Added Pin To Net: NetName=NetC8_2 Pin=U1-6
Added Pin To Net: NetName=5V Pin=U1-7
Added Pin To Net: NetName=NetU1_8 Pin=U1-8
Added Pin To Net: NetName=NetC1_5 Pin=U1-9
Added Pin To Net: NetName=NetC1_4 Pin=U1-10
Added Pin To Net: NetName=NetC1_3 Pin=U1-11
Added Pin To Net: NetName=NetR12_1 Pin=U1-12
Added Pin To Net: NetName=NetC1_2 Pin=U1-13
Added Pin To Net: NetName=5V Pin=U1-14
Added Pin To Net: NetName=GND Pin=U1-15
Added Pin To Net: NetName=NetC5_1 Pin=U1-16
Added Pin To Net: NetName=NetC7_1 Pin=U1-17
Added Pin To Net: NetName=NetR11_1 Pin=U1-18
Added Pin To Net: NetName=NetR10_1 Pin=U1-19
Added Pin To Net: NetName=NetR9_1 Pin=U1-20
Added Pin To Net: NetName=NetR8_1 Pin=U1-21
Added Pin To Net: NetName=NetR7_1 Pin=U1-22
Added Pin To Net: NetName=GND Pin=U1-23
Added Pin To Net: NetName=5V Pin=U1-24
Added Pin To Net: NetName=NetR6_1 Pin=U1-25
Added Pin To Net: NetName=NetR5_1 Pin=U1-26
Added Pin To Net: NetName=NetR4_1 Pin=U1-27
Added Pin To Net: NetName=NetR15_1 Pin=U1-28
Added Pin To Net: NetName=NetR14_1 Pin=U1-29
Added Pin To Net: NetName=NetR13_1 Pin=U1-30
Added Pin To Net: NetName=NetD9_2 Pin=U1-31
Added Pin To Net: NetName=NetD13_2 Pin=U1-32
Added Pin To Net: NetName=GND Pin=U1-33
Added Pin To Net: NetName=5V Pin=U1-34
Added Pin To Net: NetName=GND Pin=U1-35
Added Pin To Net: NetName=NetD5_2 Pin=U1-36
Added Pin To Net: NetName=NetD1_2 Pin=U1-37
Added Pin To Net: NetName=NetR16_1 Pin=U1-38
Added Pin To Net: NetName=NetR17_1 Pin=U1-39
Added Pin To Net: NetName=NetR18_1 Pin=U1-40
Added Pin To Net: NetName=NetR19_1 Pin=U1-41
Added Pin To Net: NetName=NetC6_2 Pin=U1-42
Added Pin To Net: NetName=GND Pin=U1-43
Added Pin To Net: NetName=5V Pin=U1-44
Added Pin To Net: NetName=NetU1_8 Pin=U2-1
Added Pin To Net: NetName=5V Pin=U2-2
Added Pin To Net: NetName=NetS1_+ Pin=U2-3
Added Pin To Net: NetName=NetC1_5 Pin=U3-1
Added Pin To Net: NetName=5V Pin=U3-2
Added Pin To Net: NetName=NetS5_+ Pin=U3-3
Added Pin To Net: NetName=NetC1_4 Pin=U4-1
Added Pin To Net: NetName=5V Pin=U4-2
Added Pin To Net: NetName=NetS9_+ Pin=U4-3
Added Pin To Net: NetName=NetC1_3 Pin=U5-1
Added Pin To Net: NetName=5V Pin=U5-2
Added Pin To Net: NetName=NetS13_+ Pin=U5-3
Added Member To Class: ClassName=temp Member=Component C1 atmel_prog
Added Member To Class: ClassName=temp Member=Component C2 1u
Added Member To Class: ClassName=temp Member=Component C3 100n
Added Member To Class: ClassName=temp Member=Component C4 USB-C
Added Member To Class: ClassName=temp Member=Component C5 18p
Added Member To Class: ClassName=temp Member=Component C6 100n
Added Member To Class: ClassName=temp Member=Component C7 18p
Added Member To Class: ClassName=temp Member=Component C8 1u
Added Member To Class: ClassName=SW Member=Component D1 diode 1N4148
Added Member To Class: ClassName=SW Member=Component D2 diode 1N4148
Added Member To Class: ClassName=SW Member=Component D3 diode 1N4148
Added Member To Class: ClassName=SW Member=Component D4 diode 1N4148
Added Member To Class: ClassName=SW Member=Component D5 diode 1N4148
Added Member To Class: ClassName=SW Member=Component D6 diode 1N4148
Added Member To Class: ClassName=SW Member=Component D7 diode 1N4148
Added Member To Class: ClassName=SW Member=Component D8 diode 1N4148
Added Member To Class: ClassName=SW Member=Component D9 diode 1N4148
Added Member To Class: ClassName=SW Member=Component D10 diode 1N4148
Added Member To Class: ClassName=SW Member=Component D11 diode 1N4148
Added Member To Class: ClassName=SW Member=Component D12 diode 1N4148
Added Member To Class: ClassName=SW Member=Component D13 diode 1N4148
Added Member To Class: ClassName=SW Member=Component D14 diode 1N4148
Added Member To Class: ClassName=SW Member=Component D15 diode 1N4148
Added Member To Class: ClassName=SW Member=Component D16 diode 1N4148
Added Member To Class: ClassName=temp Member=Component R1 33K
Added Member To Class: ClassName=temp Member=Component R2 22
Added Member To Class: ClassName=temp Member=Component R3 22
Added Member To Class: ClassName=LED Member=Component R4 150
Added Member To Class: ClassName=LED Member=Component R5 100
Added Member To Class: ClassName=LED Member=Component R6 100
Added Member To Class: ClassName=LED Member=Component R7 150
Added Member To Class: ClassName=LED Member=Component R8 100
Added Member To Class: ClassName=LED Member=Component R9 100
Added Member To Class: ClassName=LED Member=Component R10 150
Added Member To Class: ClassName=LED Member=Component R11 100
Added Member To Class: ClassName=LED Member=Component R12 100
Added Member To Class: ClassName=LED Member=Component R13 150
Added Member To Class: ClassName=LED Member=Component R14 100
Added Member To Class: ClassName=LED Member=Component R15 100
Added Member To Class: ClassName=SW Member=Component R16 10k
Added Member To Class: ClassName=SW Member=Component R17 10k
Added Member To Class: ClassName=SW Member=Component R18 10k
Added Member To Class: ClassName=SW Member=Component R19 10k
Added Member To Class: ClassName=SW Member=Component S1 cherry_mx+rgb
Added Member To Class: ClassName=SW Member=Component S2 cherry_mx+rgb
Added Member To Class: ClassName=SW Member=Component S3 cherry_mx+rgb
Added Member To Class: ClassName=SW Member=Component S4 cherry_mx+rgb
Added Member To Class: ClassName=SW Member=Component S5 cherry_mx+rgb
Added Member To Class: ClassName=SW Member=Component S6 cherry_mx+rgb
Added Member To Class: ClassName=SW Member=Component S7 cherry_mx+rgb
Added Member To Class: ClassName=SW Member=Component S8 cherry_mx+rgb
Added Member To Class: ClassName=SW Member=Component S9 cherry_mx+rgb
Added Member To Class: ClassName=SW Member=Component S10 cherry_mx+rgb
Added Member To Class: ClassName=SW Member=Component S11 cherry_mx+rgb
Added Member To Class: ClassName=SW Member=Component S12 cherry_mx+rgb
Added Member To Class: ClassName=SW Member=Component S13 cherry_mx+rgb
Added Member To Class: ClassName=SW Member=Component S14 cherry_mx+rgb
Added Member To Class: ClassName=SW Member=Component S15 cherry_mx+rgb
Added Member To Class: ClassName=SW Member=Component S16 cherry_mx+rgb
Added Member To Class: ClassName=temp Member=Component U1 ATmega32U4
Added Member To Class: ClassName=LED Member=Component U2 P-mosfet_NX300PBK
Added Member To Class: ClassName=LED Member=Component U3 P-mosfet_NX300PBK
Added Member To Class: ClassName=LED Member=Component U4 P-mosfet_NX300PBK
Added Member To Class: ClassName=LED Member=Component U5 P-mosfet_NX300PBK
Added Room: Name=LED
Added Room: Name=SW
Added Room: Name=temp
