   1               		.file	"host.c"
   2               	__SP_H__ = 0x3e
   3               	__SP_L__ = 0x3d
   4               	__SREG__ = 0x3f
   5               	__tmp_reg__ = 0
   6               	__zero_reg__ = 1
   7               		.text
   8               	.Ltext0:
   9               		.cfi_sections	.debug_frame
  10               		.section	.text.host_set_driver,"ax",@progbits
  11               	.global	host_set_driver
  13               	host_set_driver:
  14               	.LFB102:
  15               		.file 1 "tmk_core/common/host.c"
   1:tmk_core/common/host.c **** /*
   2:tmk_core/common/host.c **** Copyright 2011,2012 Jun Wako <wakojun@gmail.com>
   3:tmk_core/common/host.c **** 
   4:tmk_core/common/host.c **** This program is free software: you can redistribute it and/or modify
   5:tmk_core/common/host.c **** it under the terms of the GNU General Public License as published by
   6:tmk_core/common/host.c **** the Free Software Foundation, either version 2 of the License, or
   7:tmk_core/common/host.c **** (at your option) any later version.
   8:tmk_core/common/host.c **** 
   9:tmk_core/common/host.c **** This program is distributed in the hope that it will be useful,
  10:tmk_core/common/host.c **** but WITHOUT ANY WARRANTY; without even the implied warranty of
  11:tmk_core/common/host.c **** MERCHANTABILITY or FITNESS FOR A PARTICULAR PURPOSE.  See the
  12:tmk_core/common/host.c **** GNU General Public License for more details.
  13:tmk_core/common/host.c **** 
  14:tmk_core/common/host.c **** You should have received a copy of the GNU General Public License
  15:tmk_core/common/host.c **** along with this program.  If not, see <http://www.gnu.org/licenses/>.
  16:tmk_core/common/host.c **** */
  17:tmk_core/common/host.c **** 
  18:tmk_core/common/host.c **** #include <stdint.h>
  19:tmk_core/common/host.c **** //#include <avr/interrupt.h>
  20:tmk_core/common/host.c **** #include "keycode.h"
  21:tmk_core/common/host.c **** #include "host.h"
  22:tmk_core/common/host.c **** #include "util.h"
  23:tmk_core/common/host.c **** #include "debug.h"
  24:tmk_core/common/host.c **** 
  25:tmk_core/common/host.c **** #ifdef NKRO_ENABLE
  26:tmk_core/common/host.c **** #    include "keycode_config.h"
  27:tmk_core/common/host.c **** extern keymap_config_t keymap_config;
  28:tmk_core/common/host.c **** #endif
  29:tmk_core/common/host.c **** 
  30:tmk_core/common/host.c **** static host_driver_t *driver;
  31:tmk_core/common/host.c **** static uint16_t       last_system_report   = 0;
  32:tmk_core/common/host.c **** static uint16_t       last_consumer_report = 0;
  33:tmk_core/common/host.c **** 
  34:tmk_core/common/host.c **** void host_set_driver(host_driver_t *d) { driver = d; }
  16               		.loc 1 34 0
  17               		.cfi_startproc
  18               	.LVL0:
  19               	/* prologue: function */
  20               	/* frame size = 0 */
  21               	/* stack size = 0 */
  22               	.L__stack_usage = 0
  23               		.loc 1 34 0
  24 0000 9093 0000 		sts driver+1,r25
  25 0004 8093 0000 		sts driver,r24
  26 0008 0895      		ret
  27               		.cfi_endproc
  28               	.LFE102:
  30               		.section	.text.host_get_driver,"ax",@progbits
  31               	.global	host_get_driver
  33               	host_get_driver:
  34               	.LFB103:
  35:tmk_core/common/host.c **** 
  36:tmk_core/common/host.c **** host_driver_t *host_get_driver(void) { return driver; }
  35               		.loc 1 36 0
  36               		.cfi_startproc
  37               	/* prologue: function */
  38               	/* frame size = 0 */
  39               	/* stack size = 0 */
  40               	.L__stack_usage = 0
  41               		.loc 1 36 0
  42 0000 8091 0000 		lds r24,driver
  43 0004 9091 0000 		lds r25,driver+1
  44 0008 0895      		ret
  45               		.cfi_endproc
  46               	.LFE103:
  48               		.section	.text.host_keyboard_leds,"ax",@progbits
  49               	.global	host_keyboard_leds
  51               	host_keyboard_leds:
  52               	.LFB104:
  37:tmk_core/common/host.c **** 
  38:tmk_core/common/host.c **** uint8_t host_keyboard_leds(void) {
  53               		.loc 1 38 0
  54               		.cfi_startproc
  55               	/* prologue: function */
  56               	/* frame size = 0 */
  57               	/* stack size = 0 */
  58               	.L__stack_usage = 0
  39:tmk_core/common/host.c ****     if (!driver) return 0;
  59               		.loc 1 39 0
  60 0000 E091 0000 		lds r30,driver
  61 0004 F091 0000 		lds r31,driver+1
  62 0008 3097      		sbiw r30,0
  63 000a 01F0      		breq .L4
  40:tmk_core/common/host.c ****     return (*driver->keyboard_leds)();
  64               		.loc 1 40 0
  65 000c 0190      		ld __tmp_reg__,Z+
  66 000e F081      		ld r31,Z
  67 0010 E02D      		mov r30,__tmp_reg__
  68 0012 0994      		ijmp
  69               	.LVL1:
  70               	.L4:
  41:tmk_core/common/host.c **** }
  71               		.loc 1 41 0
  72 0014 80E0      		ldi r24,0
  73 0016 0895      		ret
  74               		.cfi_endproc
  75               	.LFE104:
  77               		.section	.text.host_keyboard_led_state,"ax",@progbits
  78               	.global	host_keyboard_led_state
  80               	host_keyboard_led_state:
  81               	.LFB105:
  42:tmk_core/common/host.c **** 
  43:tmk_core/common/host.c **** led_t host_keyboard_led_state(void) {
  82               		.loc 1 43 0
  83               		.cfi_startproc
  84               	/* prologue: function */
  85               	/* frame size = 0 */
  86               	/* stack size = 0 */
  87               	.L__stack_usage = 0
  44:tmk_core/common/host.c ****     if (!driver) return (led_t){0};
  88               		.loc 1 44 0
  89 0000 E091 0000 		lds r30,driver
  90 0004 F091 0000 		lds r31,driver+1
  91 0008 3097      		sbiw r30,0
  92 000a 01F4      		brne .L7
  93               		.loc 1 44 0 is_stmt 0 discriminator 1
  94 000c 80E0      		ldi r24,0
  95 000e 0895      		ret
  96               	.L7:
  45:tmk_core/common/host.c ****     return (led_t)((*driver->keyboard_leds)());
  97               		.loc 1 45 0 is_stmt 1
  98 0010 0190      		ld __tmp_reg__,Z+
  99 0012 F081      		ld r31,Z
 100 0014 E02D      		mov r30,__tmp_reg__
 101 0016 0995      		icall
 102               	.LVL2:
  46:tmk_core/common/host.c **** }
 103               		.loc 1 46 0
 104 0018 0895      		ret
 105               		.cfi_endproc
 106               	.LFE105:
 108               		.section	.text.host_keyboard_send,"ax",@progbits
 109               	.global	host_keyboard_send
 111               	host_keyboard_send:
 112               	.LFB106:
  47:tmk_core/common/host.c **** 
  48:tmk_core/common/host.c **** /* send report */
  49:tmk_core/common/host.c **** void host_keyboard_send(report_keyboard_t *report) {
 113               		.loc 1 49 0
 114               		.cfi_startproc
 115               	.LVL3:
 116               	/* prologue: function */
 117               	/* frame size = 0 */
 118               	/* stack size = 0 */
 119               	.L__stack_usage = 0
  50:tmk_core/common/host.c ****     if (!driver) return;
 120               		.loc 1 50 0
 121 0000 E091 0000 		lds r30,driver
 122 0004 F091 0000 		lds r31,driver+1
 123 0008 3097      		sbiw r30,0
 124 000a 01F0      		breq .L9
  51:tmk_core/common/host.c **** #if defined(NKRO_ENABLE) && defined(NKRO_SHARED_EP)
  52:tmk_core/common/host.c ****     if (keyboard_protocol && keymap_config.nkro) {
 125               		.loc 1 52 0
 126 000c 2091 0000 		lds r18,keyboard_protocol
 127 0010 2223      		tst r18
 128 0012 01F0      		breq .L11
 129               		.loc 1 52 0 is_stmt 0 discriminator 1
 130 0014 2091 0000 		lds r18,keymap_config
 131 0018 27FF      		sbrs r18,7
 132 001a 00C0      		rjmp .L11
  53:tmk_core/common/host.c ****         /* The callers of this function assume that report->mods is where mods go in.
  54:tmk_core/common/host.c ****          * But report->nkro.mods can be at a different offset if core keyboard does not have a repo
  55:tmk_core/common/host.c ****          */
  56:tmk_core/common/host.c ****         report->nkro.mods      = report->mods;
 133               		.loc 1 56 0 is_stmt 1
 134 001c DC01      		movw r26,r24
 135 001e 2C91      		ld r18,X
 136 0020 1196      		adiw r26,1
 137 0022 2C93      		st X,r18
 138 0024 1197      		sbiw r26,1
  57:tmk_core/common/host.c ****         report->nkro.report_id = REPORT_ID_NKRO;
 139               		.loc 1 57 0
 140 0026 25E0      		ldi r18,lo8(5)
 141 0028 2C93      		st X,r18
 142               	.L11:
  58:tmk_core/common/host.c ****     } else
  59:tmk_core/common/host.c **** #endif
  60:tmk_core/common/host.c ****     {
  61:tmk_core/common/host.c **** #ifdef KEYBOARD_SHARED_EP
  62:tmk_core/common/host.c ****         report->report_id = REPORT_ID_KEYBOARD;
  63:tmk_core/common/host.c **** #endif
  64:tmk_core/common/host.c ****     }
  65:tmk_core/common/host.c ****     (*driver->send_keyboard)(report);
 143               		.loc 1 65 0
 144 002a 0280      		ldd __tmp_reg__,Z+2
 145 002c F381      		ldd r31,Z+3
 146 002e E02D      		mov r30,__tmp_reg__
 147 0030 0994      		ijmp
 148               	.LVL4:
 149               	.L9:
 150 0032 0895      		ret
 151               		.cfi_endproc
 152               	.LFE106:
 154               		.section	.text.host_mouse_send,"ax",@progbits
 155               	.global	host_mouse_send
 157               	host_mouse_send:
 158               	.LFB107:
  66:tmk_core/common/host.c **** 
  67:tmk_core/common/host.c ****     if (debug_keyboard) {
  68:tmk_core/common/host.c ****         dprint("keyboard_report: ");
  69:tmk_core/common/host.c ****         for (uint8_t i = 0; i < KEYBOARD_REPORT_SIZE; i++) {
  70:tmk_core/common/host.c ****             dprintf("%02X ", report->raw[i]);
  71:tmk_core/common/host.c ****         }
  72:tmk_core/common/host.c ****         dprint("\n");
  73:tmk_core/common/host.c ****     }
  74:tmk_core/common/host.c **** }
  75:tmk_core/common/host.c **** 
  76:tmk_core/common/host.c **** void host_mouse_send(report_mouse_t *report) {
 159               		.loc 1 76 0
 160               		.cfi_startproc
 161               	.LVL5:
 162               	/* prologue: function */
 163               	/* frame size = 0 */
 164               	/* stack size = 0 */
 165               	.L__stack_usage = 0
  77:tmk_core/common/host.c ****     if (!driver) return;
 166               		.loc 1 77 0
 167 0000 E091 0000 		lds r30,driver
 168 0004 F091 0000 		lds r31,driver+1
 169 0008 3097      		sbiw r30,0
 170 000a 01F0      		breq .L18
  78:tmk_core/common/host.c **** #ifdef MOUSE_SHARED_EP
  79:tmk_core/common/host.c ****     report->report_id = REPORT_ID_MOUSE;
 171               		.loc 1 79 0
 172 000c 22E0      		ldi r18,lo8(2)
 173 000e DC01      		movw r26,r24
 174 0010 2C93      		st X,r18
  80:tmk_core/common/host.c **** #endif
  81:tmk_core/common/host.c ****     (*driver->send_mouse)(report);
 175               		.loc 1 81 0
 176 0012 0480      		ldd __tmp_reg__,Z+4
 177 0014 F581      		ldd r31,Z+5
 178 0016 E02D      		mov r30,__tmp_reg__
 179 0018 0994      		ijmp
 180               	.LVL6:
 181               	.L18:
 182 001a 0895      		ret
 183               		.cfi_endproc
 184               	.LFE107:
 186               		.section	.text.host_system_send,"ax",@progbits
 187               	.global	host_system_send
 189               	host_system_send:
 190               	.LFB108:
  82:tmk_core/common/host.c **** }
  83:tmk_core/common/host.c **** 
  84:tmk_core/common/host.c **** void host_system_send(uint16_t report) {
 191               		.loc 1 84 0
 192               		.cfi_startproc
 193               	.LVL7:
 194               	/* prologue: function */
 195               	/* frame size = 0 */
 196               	/* stack size = 0 */
 197               	.L__stack_usage = 0
  85:tmk_core/common/host.c ****     if (report == last_system_report) return;
 198               		.loc 1 85 0
 199 0000 2091 0000 		lds r18,last_system_report
 200 0004 3091 0000 		lds r19,last_system_report+1
 201 0008 2817      		cp r18,r24
 202 000a 3907      		cpc r19,r25
 203 000c 01F0      		breq .L20
  86:tmk_core/common/host.c ****     last_system_report = report;
 204               		.loc 1 86 0
 205 000e 9093 0000 		sts last_system_report+1,r25
 206 0012 8093 0000 		sts last_system_report,r24
  87:tmk_core/common/host.c **** 
  88:tmk_core/common/host.c ****     if (!driver) return;
 207               		.loc 1 88 0
 208 0016 E091 0000 		lds r30,driver
 209 001a F091 0000 		lds r31,driver+1
 210 001e 3097      		sbiw r30,0
 211 0020 01F0      		breq .L20
  89:tmk_core/common/host.c ****     (*driver->send_system)(report);
 212               		.loc 1 89 0
 213 0022 0680      		ldd __tmp_reg__,Z+6
 214 0024 F781      		ldd r31,Z+7
 215 0026 E02D      		mov r30,__tmp_reg__
 216 0028 0994      		ijmp
 217               	.LVL8:
 218               	.L20:
 219 002a 0895      		ret
 220               		.cfi_endproc
 221               	.LFE108:
 223               		.section	.text.host_consumer_send,"ax",@progbits
 224               	.global	host_consumer_send
 226               	host_consumer_send:
 227               	.LFB109:
  90:tmk_core/common/host.c **** }
  91:tmk_core/common/host.c **** 
  92:tmk_core/common/host.c **** void host_consumer_send(uint16_t report) {
 228               		.loc 1 92 0
 229               		.cfi_startproc
 230               	.LVL9:
 231               	/* prologue: function */
 232               	/* frame size = 0 */
 233               	/* stack size = 0 */
 234               	.L__stack_usage = 0
  93:tmk_core/common/host.c ****     if (report == last_consumer_report) return;
 235               		.loc 1 93 0
 236 0000 2091 0000 		lds r18,last_consumer_report
 237 0004 3091 0000 		lds r19,last_consumer_report+1
 238 0008 2817      		cp r18,r24
 239 000a 3907      		cpc r19,r25
 240 000c 01F0      		breq .L27
  94:tmk_core/common/host.c ****     last_consumer_report = report;
 241               		.loc 1 94 0
 242 000e 9093 0000 		sts last_consumer_report+1,r25
 243 0012 8093 0000 		sts last_consumer_report,r24
  95:tmk_core/common/host.c **** 
  96:tmk_core/common/host.c ****     if (!driver) return;
 244               		.loc 1 96 0
 245 0016 E091 0000 		lds r30,driver
 246 001a F091 0000 		lds r31,driver+1
 247 001e 3097      		sbiw r30,0
 248 0020 01F0      		breq .L27
  97:tmk_core/common/host.c ****     (*driver->send_consumer)(report);
 249               		.loc 1 97 0
 250 0022 0084      		ldd __tmp_reg__,Z+8
 251 0024 F185      		ldd r31,Z+9
 252 0026 E02D      		mov r30,__tmp_reg__
 253 0028 0994      		ijmp
 254               	.LVL10:
 255               	.L27:
 256 002a 0895      		ret
 257               		.cfi_endproc
 258               	.LFE109:
 260               		.section	.text.host_last_system_report,"ax",@progbits
 261               	.global	host_last_system_report
 263               	host_last_system_report:
 264               	.LFB110:
  98:tmk_core/common/host.c **** }
  99:tmk_core/common/host.c **** 
 100:tmk_core/common/host.c **** uint16_t host_last_system_report(void) { return last_system_report; }
 265               		.loc 1 100 0
 266               		.cfi_startproc
 267               	/* prologue: function */
 268               	/* frame size = 0 */
 269               	/* stack size = 0 */
 270               	.L__stack_usage = 0
 271               		.loc 1 100 0
 272 0000 8091 0000 		lds r24,last_system_report
 273 0004 9091 0000 		lds r25,last_system_report+1
 274 0008 0895      		ret
 275               		.cfi_endproc
 276               	.LFE110:
 278               		.section	.text.host_last_consumer_report,"ax",@progbits
 279               	.global	host_last_consumer_report
 281               	host_last_consumer_report:
 282               	.LFB111:
 101:tmk_core/common/host.c **** 
 102:tmk_core/common/host.c **** uint16_t host_last_consumer_report(void) { return last_consumer_report; }
 283               		.loc 1 102 0
 284               		.cfi_startproc
 285               	/* prologue: function */
 286               	/* frame size = 0 */
 287               	/* stack size = 0 */
 288               	.L__stack_usage = 0
 289               		.loc 1 102 0
 290 0000 8091 0000 		lds r24,last_consumer_report
 291 0004 9091 0000 		lds r25,last_consumer_report+1
 292 0008 0895      		ret
 293               		.cfi_endproc
 294               	.LFE111:
 296               		.section	.bss.last_consumer_report,"aw",@nobits
 299               	last_consumer_report:
 300 0000 0000      		.zero	2
 301               		.section	.bss.last_system_report,"aw",@nobits
 304               	last_system_report:
 305 0000 0000      		.zero	2
 306               		.section	.bss.driver,"aw",@nobits
 309               	driver:
 310 0000 0000      		.zero	2
 311               		.text
 312               	.Letext0:
 313               		.file 2 "/usr/lib/avr/include/stdint.h"
 314               		.file 3 "tmk_core/common/report.h"
 315               		.file 4 "tmk_core/common/host_driver.h"
 316               		.file 5 "tmk_core/common/led.h"
 317               		.file 6 "tmk_core/common/debug.h"
 318               		.file 7 "quantum/keycode_config.h"
 319               		.file 8 "lib/lufa/LUFA/Drivers/USB/Core/USBTask.h"
 320               		.file 9 "tmk_core/common/host.h"
DEFINED SYMBOLS
                            *ABS*:0000000000000000 host.c
     /tmp/ccU48UgC.s:2      *ABS*:000000000000003e __SP_H__
     /tmp/ccU48UgC.s:3      *ABS*:000000000000003d __SP_L__
     /tmp/ccU48UgC.s:4      *ABS*:000000000000003f __SREG__
     /tmp/ccU48UgC.s:5      *ABS*:0000000000000000 __tmp_reg__
     /tmp/ccU48UgC.s:6      *ABS*:0000000000000001 __zero_reg__
     /tmp/ccU48UgC.s:13     .text.host_set_driver:0000000000000000 host_set_driver
     /tmp/ccU48UgC.s:309    .bss.driver:0000000000000000 driver
     /tmp/ccU48UgC.s:33     .text.host_get_driver:0000000000000000 host_get_driver
     /tmp/ccU48UgC.s:51     .text.host_keyboard_leds:0000000000000000 host_keyboard_leds
     /tmp/ccU48UgC.s:80     .text.host_keyboard_led_state:0000000000000000 host_keyboard_led_state
     /tmp/ccU48UgC.s:111    .text.host_keyboard_send:0000000000000000 host_keyboard_send
     /tmp/ccU48UgC.s:157    .text.host_mouse_send:0000000000000000 host_mouse_send
     /tmp/ccU48UgC.s:189    .text.host_system_send:0000000000000000 host_system_send
     /tmp/ccU48UgC.s:304    .bss.last_system_report:0000000000000000 last_system_report
     /tmp/ccU48UgC.s:226    .text.host_consumer_send:0000000000000000 host_consumer_send
     /tmp/ccU48UgC.s:299    .bss.last_consumer_report:0000000000000000 last_consumer_report
     /tmp/ccU48UgC.s:263    .text.host_last_system_report:0000000000000000 host_last_system_report
     /tmp/ccU48UgC.s:281    .text.host_last_consumer_report:0000000000000000 host_last_consumer_report

UNDEFINED SYMBOLS
keyboard_protocol
keymap_config
__do_clear_bss
